2017-11-23 01:54:20,813 INFO  [main$] Start to read /home/federico/Scrivania/Encode_Download/HG19_ENCODE/broadPeak/Transformations/ENCFF001SYU.bed.meta
2017-11-23 01:54:20,997 INFO  [main$] File status archived, go to next file
2017-11-23 01:54:20,997 INFO  [main$] Start to read /home/federico/Scrivania/Encode_Download/HG19_ENCODE/broadPeak/Transformations/ENCFF001UHN.bed.meta
2017-11-23 01:54:21,031 INFO  [main$] File status archived, go to next file
2017-11-23 01:54:21,032 INFO  [main$] Start to read /home/federico/Scrivania/Encode_Download/HG19_ENCODE/broadPeak/Transformations/ENCFF916TPJ.bed.meta
2017-11-23 01:54:21,045 INFO  [main$] File status archived, go to next file
2017-11-23 01:54:21,045 INFO  [main$] Start to read /home/federico/Scrivania/Encode_Download/HG19_ENCODE/broadPeak/Transformations/ENCFF001TYA.bed.meta
2017-11-23 01:54:21,063 INFO  [main$] File status archived, go to next file
2017-11-23 01:54:21,064 INFO  [main$] Start to read /home/federico/Scrivania/Encode_Download/HG19_ENCODE/broadPeak/Transformations/ENCFF001VXC.bed.meta
2017-11-23 01:54:21,073 INFO  [main$] File status released, start populate table
2017-11-23 01:54:21,217 WARN  [main$] SourceKey does't find for List(EXPERIMENTSTYPE, file__replicate__experiment__target__investigated_as, feature, DEFAULT)
2017-11-23 01:54:21,217 WARN  [main$] SourceKey does't find for List(EXPERIMENTSTYPE, target__name, target, DEFAULT)
2017-11-23 01:54:21,218 WARN  [main$] SourceKey does't find for List(EXPERIMENTSTYPE, replicates__1__antibody__title , antibody, DEFAULT)
2017-11-23 01:54:21,218 WARN  [main$] SourceKey does't find for List(EXPERIMENTSTYPE, replicates__1__antibody__url, antibody, DEFAULT)
2017-11-23 01:54:23,510 INFO  [main$] Start to read /home/federico/Scrivania/Encode_Download/HG19_ENCODE/broadPeak/Transformations/ENCFF331MKY.bed.meta
2017-11-23 01:54:23,518 INFO  [main$] File status archived, go to next file
2017-11-23 01:54:23,518 INFO  [main$] Start to read /home/federico/Scrivania/Encode_Download/HG19_ENCODE/broadPeak/Transformations/ENCFF408AKJ.bed.meta
2017-11-23 01:54:23,525 INFO  [main$] File status archived, go to next file
2017-11-23 01:54:23,525 INFO  [main$] Start to read /home/federico/Scrivania/Encode_Download/HG19_ENCODE/broadPeak/Transformations/ENCFF001TCQ.bed.meta
2017-11-23 01:54:23,531 INFO  [main$] File status archived, go to next file
2017-11-23 01:54:23,531 INFO  [main$] Start to read /home/federico/Scrivania/Encode_Download/HG19_ENCODE/broadPeak/Transformations/ENCFF001STW.bed.meta
2017-11-23 01:54:23,542 INFO  [main$] File status archived, go to next file
2017-11-23 01:54:23,542 INFO  [main$] Start to read /home/federico/Scrivania/Encode_Download/HG19_ENCODE/broadPeak/Transformations/ENCFF001VXE.bed.meta
2017-11-23 01:54:23,549 INFO  [main$] File status released, start populate table
2017-11-23 01:54:23,563 WARN  [main$] SourceKey does't find for List(EXPERIMENTSTYPE, file__replicate__experiment__target__investigated_as, feature, DEFAULT)
2017-11-23 01:54:23,564 WARN  [main$] SourceKey does't find for List(EXPERIMENTSTYPE, target__name, target, DEFAULT)
2017-11-23 01:54:23,564 WARN  [main$] SourceKey does't find for List(EXPERIMENTSTYPE, replicates__1__antibody__title , antibody, DEFAULT)
2017-11-23 01:54:23,564 WARN  [main$] SourceKey does't find for List(EXPERIMENTSTYPE, replicates__1__antibody__url, antibody, DEFAULT)
2017-11-23 01:54:24,385 INFO  [main$] Start to read /home/federico/Scrivania/Encode_Download/HG19_ENCODE/broadPeak/Transformations/ENCFF001UDG.bed.meta
2017-11-23 01:54:24,387 INFO  [main$] File status archived, go to next file
2017-11-23 01:54:24,388 INFO  [main$] Start to read /home/federico/Scrivania/Encode_Download/HG19_ENCODE/broadPeak/Transformations/ENCFF001WUD.bed.meta
2017-11-23 01:54:24,397 INFO  [main$] File status archived, go to next file
2017-11-23 01:54:24,397 INFO  [main$] Start to read /home/federico/Scrivania/Encode_Download/HG19_ENCODE/broadPeak/Transformations/ENCFF622SGZ.bed.meta
2017-11-23 01:54:24,404 INFO  [main$] File status archived, go to next file
2017-11-23 01:54:24,405 INFO  [main$] Start to read /home/federico/Scrivania/Encode_Download/HG19_ENCODE/broadPeak/Transformations/ENCFF935EAP.bed.meta
2017-11-23 01:54:24,415 INFO  [main$] File status archived, go to next file
2017-11-23 01:54:24,415 INFO  [main$] Start to read /home/federico/Scrivania/Encode_Download/HG19_ENCODE/broadPeak/Transformations/ENCFF830PPR.bed.meta
2017-11-23 01:54:24,420 INFO  [main$] File status released, start populate table
2017-11-23 01:54:24,432 WARN  [main$] SourceKey does't find for List(DONORS, replicates__1__library__biosample__donor__age, age, DEFAULT)
2017-11-23 01:54:24,432 WARN  [main$] SourceKey does't find for List(DONORS, replicates__1__library__biosample__donor__ethnicity, ethnicity, DEFAULT)
2017-11-23 01:54:24,432 WARN  [main$] SourceKey does't find for List(BIOSAMPLES, replicates__1__library__biosample__health_status, isHealty, CONCAT)
2017-11-23 01:54:24,432 WARN  [main$] SourceKey does't find for List(BIOSAMPLES, replicates__1__library__biosample__health_status, disease, CONCAT)
2017-11-23 01:54:24,433 WARN  [main$] SourceKey does't find for List(EXPERIMENTSTYPE, file__replicate__experiment__target__investigated_as, feature, DEFAULT)
2017-11-23 01:54:24,433 WARN  [main$] SourceKey does't find for List(EXPERIMENTSTYPE, target__name, target, DEFAULT)
2017-11-23 01:54:24,433 WARN  [main$] SourceKey does't find for List(EXPERIMENTSTYPE, replicates__1__antibody__title , antibody, DEFAULT)
2017-11-23 01:54:24,433 WARN  [main$] SourceKey does't find for List(EXPERIMENTSTYPE, replicates__1__antibody__url, antibody, DEFAULT)
2017-11-23 01:54:25,709 INFO  [main$] Start to read /home/federico/Scrivania/Encode_Download/HG19_ENCODE/broadPeak/Transformations/ENCFF001VAK.bed.meta
2017-11-23 01:54:25,725 INFO  [main$] File status released, start populate table
2017-11-23 01:54:25,736 WARN  [main$] SourceKey does't find for List(DONORS, replicates__1__library__biosample__donor__age, age, DEFAULT)
2017-11-23 01:54:25,736 WARN  [main$] SourceKey does't find for List(EXPERIMENTSTYPE, replicates__1__antibody__title , antibody, DEFAULT)
2017-11-23 01:54:25,736 WARN  [main$] SourceKey does't find for List(EXPERIMENTSTYPE, replicates__1__antibody__url, antibody, DEFAULT)
2017-11-23 01:54:26,428 INFO  [main$] Start to read /home/federico/Scrivania/Encode_Download/HG19_ENCODE/broadPeak/Transformations/ENCFF001UMG.bed.meta
2017-11-23 01:54:26,434 INFO  [main$] File status archived, go to next file
2017-11-23 01:54:26,434 INFO  [main$] Start to read /home/federico/Scrivania/Encode_Download/HG19_ENCODE/broadPeak/Transformations/ENCFF718ITI.bed.meta
2017-11-23 01:54:26,439 INFO  [main$] File status archived, go to next file
2017-11-23 01:54:26,439 INFO  [main$] Start to read /home/federico/Scrivania/Encode_Download/HG19_ENCODE/broadPeak/Transformations/ENCFF001UFL.bed.meta
2017-11-23 01:54:26,446 INFO  [main$] File status archived, go to next file
2017-11-23 01:54:26,446 INFO  [main$] Start to read /home/federico/Scrivania/Encode_Download/HG19_ENCODE/broadPeak/Transformations/ENCFF001WTB.bed.meta
2017-11-23 01:54:26,453 INFO  [main$] File status archived, go to next file
2017-11-23 01:54:26,454 INFO  [main$] Start to read /home/federico/Scrivania/Encode_Download/HG19_ENCODE/broadPeak/Transformations/ENCFF239LHL.bed.meta
2017-11-23 01:54:26,455 INFO  [main$] File status archived, go to next file
2017-11-23 01:54:26,455 INFO  [main$] Start to read /home/federico/Scrivania/Encode_Download/HG19_ENCODE/broadPeak/Transformations/ENCFF001UME.bed.meta
2017-11-23 01:54:26,463 INFO  [main$] File status archived, go to next file
2017-11-23 01:54:26,463 INFO  [main$] Start to read /home/federico/Scrivania/Encode_Download/HG19_ENCODE/broadPeak/Transformations/ENCFF001TAU.bed.meta
2017-11-23 01:54:26,473 INFO  [main$] File status archived, go to next file
2017-11-23 01:54:26,473 INFO  [main$] Start to read /home/federico/Scrivania/Encode_Download/HG19_ENCODE/broadPeak/Transformations/ENCFF682YKZ.bed.meta
2017-11-23 01:54:26,482 INFO  [main$] File status archived, go to next file
2017-11-23 01:54:26,482 INFO  [main$] Start to read /home/federico/Scrivania/Encode_Download/HG19_ENCODE/broadPeak/Transformations/ENCFF001TAJ.bed.meta
2017-11-23 01:54:26,490 INFO  [main$] File status archived, go to next file
2017-11-23 01:54:26,490 INFO  [main$] Start to read /home/federico/Scrivania/Encode_Download/HG19_ENCODE/broadPeak/Transformations/ENCFF001VRV.bed.meta
2017-11-23 01:54:26,502 INFO  [main$] File status released, start populate table
2017-11-23 01:54:26,510 WARN  [main$] SourceKey does't find for List(BIOSAMPLES, replicates__1__library__biosample__health_status, isHealty, CONCAT)
2017-11-23 01:54:26,510 WARN  [main$] SourceKey does't find for List(BIOSAMPLES, replicates__1__library__biosample__health_status, disease, CONCAT)
2017-11-23 01:54:26,511 WARN  [main$] SourceKey does't find for List(EXPERIMENTSTYPE, file__replicate__experiment__target__investigated_as, feature, DEFAULT)
2017-11-23 01:54:26,511 WARN  [main$] SourceKey does't find for List(EXPERIMENTSTYPE, target__name, target, DEFAULT)
2017-11-23 01:54:26,511 WARN  [main$] SourceKey does't find for List(EXPERIMENTSTYPE, replicates__1__antibody__title , antibody, DEFAULT)
2017-11-23 01:54:26,511 WARN  [main$] SourceKey does't find for List(EXPERIMENTSTYPE, replicates__1__antibody__url, antibody, DEFAULT)
2017-11-23 01:54:27,169 INFO  [main$] Start to read /home/federico/Scrivania/Encode_Download/HG19_ENCODE/broadPeak/Transformations/ENCFF001UCP.bed.meta
2017-11-23 01:54:27,218 INFO  [main$] File status archived, go to next file
2017-11-23 01:54:27,218 INFO  [main$] Start to read /home/federico/Scrivania/Encode_Download/HG19_ENCODE/broadPeak/Transformations/ENCFF228TCV.bed.meta
2017-11-23 01:54:27,219 INFO  [main$] File status archived, go to next file
2017-11-23 01:54:27,220 INFO  [main$] Start to read /home/federico/Scrivania/Encode_Download/HG19_ENCODE/broadPeak/Transformations/ENCFF001UQP.bed.meta
2017-11-23 01:54:27,229 INFO  [main$] File status released, start populate table
2017-11-23 01:54:27,236 WARN  [main$] SourceKey does't find for List(DONORS, replicates__1__library__biosample__donor__ethnicity, ethnicity, DEFAULT)
2017-11-23 01:54:27,236 WARN  [main$] SourceKey does't find for List(EXPERIMENTSTYPE, replicates__1__antibody__title , antibody, DEFAULT)
2017-11-23 01:54:27,851 INFO  [main$] Start to read /home/federico/Scrivania/Encode_Download/HG19_ENCODE/broadPeak/Transformations/ENCFF001URM.bed.meta
2017-11-23 01:54:27,863 INFO  [main$] File status archived, go to next file
2017-11-23 01:54:27,864 INFO  [main$] Start to read /home/federico/Scrivania/Encode_Download/HG19_ENCODE/broadPeak/Transformations/ENCFF001UAB.bed.meta
2017-11-23 01:54:27,874 INFO  [main$] File status archived, go to next file
2017-11-23 01:54:27,874 INFO  [main$] Start to read /home/federico/Scrivania/Encode_Download/HG19_ENCODE/broadPeak/Transformations/ENCFF001UBK.bed.meta
2017-11-23 01:54:27,883 INFO  [main$] File status archived, go to next file
2017-11-23 01:54:27,883 INFO  [main$] Start to read /home/federico/Scrivania/Encode_Download/HG19_ENCODE/broadPeak/Transformations/ENCFF001SYI.bed.meta
2017-11-23 01:54:27,890 INFO  [main$] File status archived, go to next file
2017-11-23 01:54:27,890 INFO  [main$] Start to read /home/federico/Scrivania/Encode_Download/HG19_ENCODE/broadPeak/Transformations/ENCFF001VSG.bed.meta
2017-11-23 01:54:27,896 INFO  [main$] File status released, start populate table
2017-11-23 01:54:27,907 WARN  [main$] SourceKey does't find for List(EXPERIMENTSTYPE, file__replicate__experiment__target__investigated_as, feature, DEFAULT)
2017-11-23 01:54:27,907 WARN  [main$] SourceKey does't find for List(EXPERIMENTSTYPE, target__name, target, DEFAULT)
2017-11-23 01:54:27,907 WARN  [main$] SourceKey does't find for List(EXPERIMENTSTYPE, replicates__2__antibody__title , antibody, DEFAULT)
2017-11-23 01:54:27,908 WARN  [main$] SourceKey does't find for List(EXPERIMENTSTYPE, replicates__2__antibody__url, antibody, DEFAULT)
2017-11-23 01:54:28,565 INFO  [main$] Start to read /home/federico/Scrivania/Encode_Download/HG19_ENCODE/broadPeak/Transformations/ENCFF001TWL.bed.meta
2017-11-23 01:54:28,573 INFO  [main$] File status archived, go to next file
2017-11-23 01:54:28,573 INFO  [main$] Start to read /home/federico/Scrivania/Encode_Download/HG19_ENCODE/broadPeak/Transformations/ENCFF001SOI.bed.meta
2017-11-23 01:54:28,574 INFO  [main$] File status released, start populate table
2017-11-23 01:54:28,585 WARN  [main$] SourceKey does't find for List(DONORS, replicates__1__library__biosample__donor__age, age, DEFAULT)
2017-11-23 01:54:28,586 WARN  [main$] SourceKey does't find for List(DONORS, replicates__1__library__biosample__donor__ethnicity, ethnicity, DEFAULT)
2017-11-23 01:54:28,586 WARN  [main$] SourceKey does't find for List(EXPERIMENTSTYPE, file__replicate__experiment__target__investigated_as, feature, DEFAULT)
2017-11-23 01:54:28,586 WARN  [main$] SourceKey does't find for List(EXPERIMENTSTYPE, target__name, target, DEFAULT)
2017-11-23 01:54:28,587 WARN  [main$] SourceKey does't find for List(EXPERIMENTSTYPE, replicates__1__antibody__title , antibody, DEFAULT)
2017-11-23 01:54:28,587 WARN  [main$] SourceKey does't find for List(EXPERIMENTSTYPE, replicates__1__antibody__url, antibody, DEFAULT)
2017-11-23 01:54:29,250 INFO  [main$] Start to read /home/federico/Scrivania/Encode_Download/HG19_ENCODE/broadPeak/Transformations/ENCFF001TYG.bed.meta
2017-11-23 01:54:29,266 INFO  [main$] File status archived, go to next file
2017-11-23 01:54:29,267 INFO  [main$] Start to read /home/federico/Scrivania/Encode_Download/HG19_ENCODE/broadPeak/Transformations/ENCFF001TWB.bed.meta
2017-11-23 01:54:29,276 INFO  [main$] File status archived, go to next file
2017-11-23 01:54:29,276 INFO  [main$] Start to read /home/federico/Scrivania/Encode_Download/HG19_ENCODE/broadPeak/Transformations/ENCFF001UHB.bed.meta
2017-11-23 01:54:29,286 INFO  [main$] File status archived, go to next file
2017-11-23 01:54:29,287 INFO  [main$] Start to read /home/federico/Scrivania/Encode_Download/HG19_ENCODE/broadPeak/Transformations/ENCFF001XHD.bed.meta
2017-11-23 01:54:29,293 INFO  [main$] File status archived, go to next file
2017-11-23 01:54:29,294 INFO  [main$] Start to read /home/federico/Scrivania/Encode_Download/HG19_ENCODE/broadPeak/Transformations/ENCFF001VWH.bed.meta
2017-11-23 01:54:29,301 INFO  [main$] File status released, start populate table
2017-11-23 01:54:29,307 WARN  [main$] SourceKey does't find for List(DONORS, replicates__2__library__biosample__donor__age, age, DEFAULT)
2017-11-23 01:54:29,308 WARN  [main$] SourceKey does't find for List(DONORS, replicates__2__library__biosample__donor__ethnicity, ethnicity, DEFAULT)
2017-11-23 01:54:29,308 WARN  [main$] SourceKey does't find for List(EXPERIMENTSTYPE, file__replicate__experiment__target__investigated_as, feature, DEFAULT)
2017-11-23 01:54:29,308 WARN  [main$] SourceKey does't find for List(EXPERIMENTSTYPE, target__name, target, DEFAULT)
2017-11-23 01:54:29,308 WARN  [main$] SourceKey does't find for List(EXPERIMENTSTYPE, replicates__2__antibody__title , antibody, DEFAULT)
2017-11-23 01:54:29,309 WARN  [main$] SourceKey does't find for List(EXPERIMENTSTYPE, replicates__2__antibody__url, antibody, DEFAULT)
2017-11-23 01:54:29,861 INFO  [main$] Start to read /home/federico/Scrivania/Encode_Download/HG19_ENCODE/broadPeak/Transformations/ENCFF001XOL.bed.meta
2017-11-23 01:54:29,923 INFO  [main$] File status archived, go to next file
2017-11-23 01:54:29,924 INFO  [main$] Start to read /home/federico/Scrivania/Encode_Download/HG19_ENCODE/broadPeak/Transformations/ENCFF001VUC.bed.meta
2017-11-23 01:54:29,935 INFO  [main$] File status released, start populate table
2017-11-23 01:54:29,944 WARN  [main$] SourceKey does't find for List(DONORS, replicates__2__library__biosample__donor__age, age, DEFAULT)
2017-11-23 01:54:29,944 WARN  [main$] SourceKey does't find for List(DONORS, replicates__2__library__biosample__donor__ethnicity, ethnicity, DEFAULT)
2017-11-23 01:54:29,944 WARN  [main$] SourceKey does't find for List(EXPERIMENTSTYPE, file__replicate__experiment__target__investigated_as, feature, DEFAULT)
2017-11-23 01:54:29,945 WARN  [main$] SourceKey does't find for List(EXPERIMENTSTYPE, target__name, target, DEFAULT)
2017-11-23 01:54:29,945 WARN  [main$] SourceKey does't find for List(EXPERIMENTSTYPE, replicates__2__antibody__title , antibody, DEFAULT)
2017-11-23 01:54:29,945 WARN  [main$] SourceKey does't find for List(EXPERIMENTSTYPE, replicates__2__antibody__url, antibody, DEFAULT)
2017-11-23 01:54:30,491 INFO  [main$] Start to read /home/federico/Scrivania/Encode_Download/HG19_ENCODE/broadPeak/Transformations/ENCFF413YRT.bed.meta
2017-11-23 01:54:30,507 INFO  [main$] File status archived, go to next file
2017-11-23 01:54:30,507 INFO  [main$] Start to read /home/federico/Scrivania/Encode_Download/HG19_ENCODE/broadPeak/Transformations/ENCFF001UKM.bed.meta
2017-11-23 01:54:30,511 INFO  [main$] File status archived, go to next file
2017-11-23 01:54:30,511 INFO  [main$] Start to read /home/federico/Scrivania/Encode_Download/HG19_ENCODE/broadPeak/Transformations/ENCFF942JEG.bed.meta
2017-11-23 01:54:30,517 INFO  [main$] File status released, start populate table
2017-11-23 01:54:30,521 WARN  [main$] SourceKey does't find for List(EXPERIMENTSTYPE, file__replicate__experiment__target__investigated_as, feature, DEFAULT)
2017-11-23 01:54:30,521 WARN  [main$] SourceKey does't find for List(EXPERIMENTSTYPE, target__name, target, DEFAULT)
2017-11-23 01:54:30,522 WARN  [main$] SourceKey does't find for List(EXPERIMENTSTYPE, replicates__1__antibody__title , antibody, DEFAULT)
2017-11-23 01:54:30,522 WARN  [main$] SourceKey does't find for List(EXPERIMENTSTYPE, replicates__1__antibody__url, antibody, DEFAULT)
2017-11-23 01:54:31,904 INFO  [main$] Start to read /home/federico/Scrivania/Encode_Download/HG19_ENCODE/broadPeak/Transformations/ENCFF001VVM.bed.meta
2017-11-23 01:54:31,923 INFO  [main$] File status released, start populate table
2017-11-23 01:54:31,927 WARN  [main$] SourceKey does't find for List(DONORS, replicates__2__library__biosample__donor__age, age, DEFAULT)
2017-11-23 01:54:31,927 WARN  [main$] SourceKey does't find for List(DONORS, replicates__2__library__biosample__donor__ethnicity, ethnicity, DEFAULT)
2017-11-23 01:54:31,928 WARN  [main$] SourceKey does't find for List(EXPERIMENTSTYPE, file__replicate__experiment__target__investigated_as, feature, DEFAULT)
2017-11-23 01:54:31,928 WARN  [main$] SourceKey does't find for List(EXPERIMENTSTYPE, target__name, target, DEFAULT)
2017-11-23 01:54:31,928 WARN  [main$] SourceKey does't find for List(EXPERIMENTSTYPE, replicates__2__antibody__title , antibody, DEFAULT)
2017-11-23 01:54:31,928 WARN  [main$] SourceKey does't find for List(EXPERIMENTSTYPE, replicates__2__antibody__url, antibody, DEFAULT)
2017-11-23 01:54:33,140 INFO  [main$] Start to read /home/federico/Scrivania/Encode_Download/HG19_ENCODE/broadPeak/Transformations/ENCFF001TZT.bed.meta
2017-11-23 01:54:33,198 INFO  [main$] File status archived, go to next file
2017-11-23 01:54:33,199 INFO  [main$] Start to read /home/federico/Scrivania/Encode_Download/HG19_ENCODE/broadPeak/Transformations/ENCFF001XCQ.bed.meta
2017-11-23 01:54:33,286 INFO  [main$] File status archived, go to next file
2017-11-23 01:54:33,286 INFO  [main$] Start to read /home/federico/Scrivania/Encode_Download/HG19_ENCODE/broadPeak/Transformations/ENCFF001STJ.bed.meta
2017-11-23 01:54:33,303 INFO  [main$] File status archived, go to next file
2017-11-23 01:54:33,303 INFO  [main$] Start to read /home/federico/Scrivania/Encode_Download/HG19_ENCODE/broadPeak/Transformations/ENCFF001SZJ.bed.meta
2017-11-23 01:54:33,311 INFO  [main$] File status archived, go to next file
2017-11-23 01:54:33,312 INFO  [main$] Start to read /home/federico/Scrivania/Encode_Download/HG19_ENCODE/broadPeak/Transformations/ENCFF001TCU.bed.meta
2017-11-23 01:54:33,317 INFO  [main$] File status archived, go to next file
2017-11-23 01:54:33,318 INFO  [main$] Start to read /home/federico/Scrivania/Encode_Download/HG19_ENCODE/broadPeak/Transformations/ENCFF001STK.bed.meta
2017-11-23 01:54:33,322 INFO  [main$] File status archived, go to next file
2017-11-23 01:54:33,323 INFO  [main$] Start to read /home/federico/Scrivania/Encode_Download/HG19_ENCODE/broadPeak/Transformations/ENCFF001VTZ.bed.meta
2017-11-23 01:54:33,332 INFO  [main$] File status released, start populate table
2017-11-23 01:54:33,336 WARN  [main$] SourceKey does't find for List(DONORS, replicates__1__library__biosample__donor__age, age, DEFAULT)
2017-11-23 01:54:33,336 WARN  [main$] SourceKey does't find for List(DONORS, replicates__1__library__biosample__donor__ethnicity, ethnicity, DEFAULT)
2017-11-23 01:54:33,336 WARN  [main$] SourceKey does't find for List(EXPERIMENTSTYPE, file__replicate__experiment__target__investigated_as, feature, DEFAULT)
2017-11-23 01:54:33,336 WARN  [main$] SourceKey does't find for List(EXPERIMENTSTYPE, target__name, target, DEFAULT)
2017-11-23 01:54:33,336 WARN  [main$] SourceKey does't find for List(EXPERIMENTSTYPE, replicates__1__antibody__title , antibody, DEFAULT)
2017-11-23 01:54:33,336 WARN  [main$] SourceKey does't find for List(EXPERIMENTSTYPE, replicates__1__antibody__url, antibody, DEFAULT)
2017-11-23 01:54:33,975 INFO  [main$] Start to read /home/federico/Scrivania/Encode_Download/HG19_ENCODE/broadPeak/Transformations/ENCFF727KPF.bed.meta
2017-11-23 01:54:33,981 INFO  [main$] File status archived, go to next file
2017-11-23 01:54:33,982 INFO  [main$] Start to read /home/federico/Scrivania/Encode_Download/HG19_ENCODE/broadPeak/Transformations/ENCFF001XEY.bed.meta
2017-11-23 01:54:33,993 INFO  [main$] File status archived, go to next file
2017-11-23 01:54:33,993 INFO  [main$] Start to read /home/federico/Scrivania/Encode_Download/HG19_ENCODE/broadPeak/Transformations/ENCFF001VAW.bed.meta
2017-11-23 01:54:33,998 INFO  [main$] File status released, start populate table
2017-11-23 01:54:34,003 WARN  [main$] SourceKey does't find for List(EXPERIMENTSTYPE, replicates__1__antibody__title , antibody, DEFAULT)
2017-11-23 01:54:34,636 INFO  [main$] Start to read /home/federico/Scrivania/Encode_Download/HG19_ENCODE/broadPeak/Transformations/ENCFF088FKG.bed.meta
2017-11-23 01:54:34,643 INFO  [main$] File status released, start populate table
2017-11-23 01:54:34,647 WARN  [main$] SourceKey does't find for List(DONORS, replicates__1__library__biosample__donor__ethnicity, ethnicity, DEFAULT)
2017-11-23 01:54:34,647 WARN  [main$] SourceKey does't find for List(BIOSAMPLES, replicates__1__library__biosample__health_status, isHealty, CONCAT)
2017-11-23 01:54:34,647 WARN  [main$] SourceKey does't find for List(BIOSAMPLES, replicates__1__library__biosample__health_status, disease, CONCAT)
2017-11-23 01:54:34,647 WARN  [main$] SourceKey does't find for List(EXPERIMENTSTYPE, file__replicate__experiment__target__investigated_as, feature, DEFAULT)
2017-11-23 01:54:34,648 WARN  [main$] SourceKey does't find for List(EXPERIMENTSTYPE, target__name, target, DEFAULT)
2017-11-23 01:54:34,648 WARN  [main$] SourceKey does't find for List(EXPERIMENTSTYPE, replicates__1__antibody__title , antibody, DEFAULT)
2017-11-23 01:54:34,648 WARN  [main$] SourceKey does't find for List(EXPERIMENTSTYPE, replicates__1__antibody__url, antibody, DEFAULT)
2017-11-23 01:54:35,939 INFO  [main$] Start to read /home/federico/Scrivania/Encode_Download/HG19_ENCODE/broadPeak/Transformations/ENCFF001SVX.bed.meta
2017-11-23 01:54:35,953 INFO  [main$] File status released, start populate table
2017-11-23 01:54:35,958 WARN  [XMLReader] Source Key replicates__X__library__biosample__donor__accessionreplicates__X__library__biosample__donor__organism__scientific_namereplicates__X__library__biosample__donor__agereplicates__X__library__biosample__donor__sexreplicates__X__library__biosample__donor__ethnicity doesn't find for table DONORS
2017-11-23 01:54:35,958 WARN  [XMLReader] Source Key replicates__X__library__biosample__accessionreplicates__X__library__biosample__biosample_typereplicates__X__library__biosample__biosample_typereplicates__X__library__biosample__biosample_term_idreplicates__X__library__biosample__biosample_term_namereplicates__X__library__biosample__health_statusreplicates__X__library__biosample__health_status doesn't find for table BIOSAMPLES
2017-11-23 01:54:35,958 WARN  [XMLReader] Source Key assay_term_idassay_term_namefile__replicate__experiment__target__investigated_astarget__namereplicates__X__antibody__title replicates__X__antibody__url doesn't find for table EXPERIMENTSTYPE
2017-11-23 01:54:35,959 WARN  [XMLReader] Source Key ENCODEaward__project doesn't find for table PROJECTS
2017-11-23 01:54:35,959 WARN  [XMLReader] Source Key accessionsubmitted_by__labdbxrefs doesn't find for table CASES
2017-11-23 01:54:35,959 WARN  [XMLReader] Source Key file__file_typefile__assemblyfile__assemblyfalsenull doesn't find for table CONTAINERS
2017-11-23 01:54:35,959 WARN  [XMLReader] Source Key file__accessionfile__output_typefile__file_typefile__file_sizefile__href doesn't find for table ITEMS
2017-11-23 01:54:35,959 WARN  [EncodeTables] Primary key of it.polimi.genomics.importer.ModelDatabase.Donor@41f3aaf1 doesn't find
2017-11-23 01:54:35,960 INFO  [main$] Start to read /home/federico/Scrivania/Encode_Download/HG19_ENCODE/broadPeak/Transformations/ENCFF001WYK.bed.meta
2017-11-23 01:54:35,968 INFO  [main$] File status archived, go to next file
2017-11-23 01:54:35,969 INFO  [main$] Start to read /home/federico/Scrivania/Encode_Download/HG19_ENCODE/broadPeak/Transformations/ENCFF001TSE.bed.meta
2017-11-23 01:54:35,970 INFO  [main$] File status archived, go to next file
2017-11-23 01:54:35,970 INFO  [main$] Start to read /home/federico/Scrivania/Encode_Download/HG19_ENCODE/broadPeak/Transformations/ENCFF001UFT.bed.meta
2017-11-23 01:54:35,976 INFO  [main$] File status archived, go to next file
2017-11-23 01:54:35,977 INFO  [main$] Start to read /home/federico/Scrivania/Encode_Download/HG19_ENCODE/broadPeak/Transformations/ENCFF001TYX.bed.meta
2017-11-23 01:54:35,983 INFO  [main$] File status archived, go to next file
2017-11-23 01:54:35,983 INFO  [main$] Start to read /home/federico/Scrivania/Encode_Download/HG19_ENCODE/broadPeak/Transformations/ENCFF001WXX.bed.meta
2017-11-23 01:54:35,987 INFO  [main$] File status archived, go to next file
2017-11-23 01:54:35,987 INFO  [main$] Start to read /home/federico/Scrivania/Encode_Download/HG19_ENCODE/broadPeak/Transformations/ENCFF394XFG.bed.meta
2017-11-23 01:54:35,988 INFO  [main$] File status archived, go to next file
2017-11-23 01:54:35,988 INFO  [main$] Start to read /home/federico/Scrivania/Encode_Download/HG19_ENCODE/broadPeak/Transformations/ENCFF001XJX.bed.meta
2017-11-23 01:54:35,989 INFO  [main$] File status archived, go to next file
2017-11-23 01:54:35,989 INFO  [main$] Start to read /home/federico/Scrivania/Encode_Download/HG19_ENCODE/broadPeak/Transformations/ENCFF001UKX.bed.meta
2017-11-23 01:54:35,993 INFO  [main$] File status archived, go to next file
2017-11-23 01:54:35,994 INFO  [main$] Start to read /home/federico/Scrivania/Encode_Download/HG19_ENCODE/broadPeak/Transformations/ENCFF001VUU.bed.meta
2017-11-23 01:54:36,002 INFO  [main$] File status released, start populate table
2017-11-23 01:54:36,006 WARN  [main$] SourceKey does't find for List(DONORS, replicates__2__library__biosample__donor__age, age, DEFAULT)
2017-11-23 01:54:36,006 WARN  [main$] SourceKey does't find for List(DONORS, replicates__2__library__biosample__donor__ethnicity, ethnicity, DEFAULT)
2017-11-23 01:54:36,006 WARN  [main$] SourceKey does't find for List(EXPERIMENTSTYPE, file__replicate__experiment__target__investigated_as, feature, DEFAULT)
2017-11-23 01:54:36,006 WARN  [main$] SourceKey does't find for List(EXPERIMENTSTYPE, target__name, target, DEFAULT)
2017-11-23 01:54:36,006 WARN  [main$] SourceKey does't find for List(EXPERIMENTSTYPE, replicates__2__antibody__title , antibody, DEFAULT)
2017-11-23 01:54:36,006 WARN  [main$] SourceKey does't find for List(EXPERIMENTSTYPE, replicates__2__antibody__url, antibody, DEFAULT)
2017-11-23 01:54:36,707 INFO  [main$] Start to read /home/federico/Scrivania/Encode_Download/HG19_ENCODE/broadPeak/Transformations/ENCFF001UQT.bed.meta
2017-11-23 01:54:36,719 INFO  [main$] File status archived, go to next file
2017-11-23 01:54:36,719 INFO  [main$] Start to read /home/federico/Scrivania/Encode_Download/HG19_ENCODE/broadPeak/Transformations/ENCFF001UJJ.bed.meta
2017-11-23 01:54:36,724 INFO  [main$] File status released, start populate table
2017-11-23 01:54:36,726 WARN  [main$] SourceKey does't find for List(DONORS, replicates__2__library__biosample__donor__ethnicity, ethnicity, DEFAULT)
2017-11-23 01:54:36,727 WARN  [main$] SourceKey does't find for List(EXPERIMENTSTYPE, replicates__2__antibody__title , antibody, DEFAULT)
2017-11-23 01:54:37,339 INFO  [main$] Start to read /home/federico/Scrivania/Encode_Download/HG19_ENCODE/broadPeak/Transformations/ENCFF001WVS.bed.meta
2017-11-23 01:54:37,352 INFO  [main$] File status archived, go to next file
2017-11-23 01:54:37,352 INFO  [main$] Start to read /home/federico/Scrivania/Encode_Download/HG19_ENCODE/broadPeak/Transformations/ENCFF001UFK.bed.meta
2017-11-23 01:54:37,354 INFO  [main$] File status archived, go to next file
2017-11-23 01:54:37,354 INFO  [main$] Start to read /home/federico/Scrivania/Encode_Download/HG19_ENCODE/broadPeak/Transformations/ENCFF001XSK.bed.meta
2017-11-23 01:54:37,357 INFO  [main$] File status archived, go to next file
2017-11-23 01:54:37,357 INFO  [main$] Start to read /home/federico/Scrivania/Encode_Download/HG19_ENCODE/broadPeak/Transformations/ENCFF001XDH.bed.meta
2017-11-23 01:54:37,366 INFO  [main$] File status archived, go to next file
2017-11-23 01:54:37,366 INFO  [main$] Start to read /home/federico/Scrivania/Encode_Download/HG19_ENCODE/broadPeak/Transformations/ENCFF866LKD.bed.meta
2017-11-23 01:54:37,372 INFO  [main$] File status archived, go to next file
2017-11-23 01:54:37,373 INFO  [main$] Start to read /home/federico/Scrivania/Encode_Download/HG19_ENCODE/broadPeak/Transformations/ENCFF001WEN.bed.meta
2017-11-23 01:54:37,376 INFO  [main$] File status archived, go to next file
2017-11-23 01:54:37,376 INFO  [main$] Start to read /home/federico/Scrivania/Encode_Download/HG19_ENCODE/broadPeak/Transformations/ENCFF001TCW.bed.meta
2017-11-23 01:54:37,384 INFO  [main$] File status archived, go to next file
2017-11-23 01:54:37,384 INFO  [main$] Start to read /home/federico/Scrivania/Encode_Download/HG19_ENCODE/broadPeak/Transformations/ENCFF001TUY.bed.meta
2017-11-23 01:54:37,394 INFO  [main$] File status released, start populate table
2017-11-23 01:54:37,401 WARN  [main$] SourceKey does't find for List(EXPERIMENTSTYPE, replicates__1__antibody__title , antibody, DEFAULT)
2017-11-23 01:54:38,036 INFO  [main$] Start to read /home/federico/Scrivania/Encode_Download/HG19_ENCODE/broadPeak/Transformations/ENCFF001UPD.bed.meta
2017-11-23 01:54:38,043 INFO  [main$] File status released, start populate table
2017-11-23 01:54:38,047 WARN  [main$] SourceKey does't find for List(DONORS, replicates__1__library__biosample__donor__ethnicity, ethnicity, DEFAULT)
2017-11-23 01:54:38,047 WARN  [main$] SourceKey does't find for List(EXPERIMENTSTYPE, replicates__1__antibody__title , antibody, DEFAULT)
2017-11-23 01:54:38,710 INFO  [main$] Start to read /home/federico/Scrivania/Encode_Download/HG19_ENCODE/broadPeak/Transformations/ENCFF001UQV.bed.meta
2017-11-23 01:54:38,720 INFO  [main$] File status archived, go to next file
2017-11-23 01:54:38,721 INFO  [main$] Start to read /home/federico/Scrivania/Encode_Download/HG19_ENCODE/broadPeak/Transformations/ENCFF382BZI.bed.meta
2017-11-23 01:54:38,729 INFO  [main$] File status archived, go to next file
2017-11-23 01:54:38,729 INFO  [main$] Start to read /home/federico/Scrivania/Encode_Download/HG19_ENCODE/broadPeak/Transformations/ENCFF001XRJ.bed.meta
2017-11-23 01:54:38,736 INFO  [main$] File status released, start populate table
2017-11-23 01:54:38,739 WARN  [main$] SourceKey does't find for List(EXPERIMENTSTYPE, file__replicate__experiment__target__investigated_as, feature, DEFAULT)
2017-11-23 01:54:38,739 WARN  [main$] SourceKey does't find for List(EXPERIMENTSTYPE, replicates__1__antibody__title , antibody, DEFAULT)
