2017-11-30 17:24:16,746 INFO  [program$] Total time for downloads: 0:0:0
2017-11-30 17:24:16,748 INFO  [program$] Starting transformation for HG19_ENCODE
2017-11-30 17:24:16,750 INFO  [Transformer$] Starting integration for: /home/federico/_Encode_Realeased/HG19_ENCODE
2017-11-30 17:24:16,775 INFO  [Transformer$] Starting download for: broadPeak
2017-11-30 17:24:16,776 WARN  [Transformer$] Schema not found for: broadPeak
2017-11-30 17:24:16,778 INFO  [Transformer$] Transformation for dataset: broadPeak
2017-11-30 17:24:16,895 INFO  [Transformer$] 0 region data files modified in dataset: broadPeak
2017-11-30 17:24:16,896 INFO  [Transformer$] 0 metadata files modified in dataset: broadPeak
2017-11-30 17:24:16,896 INFO  [Transformer$] 0 region data files do not respect the schema in dataset: broadPeak
2017-11-30 17:24:16,896 INFO  [Transformer$] Total time for transformation dataset broadPeak: 0:0:0
2017-11-30 17:24:16,908 INFO  [Transformer$] Starting download for: narrowPeak
2017-11-30 17:24:16,928 WARN  [Transformer$] Schema not found for: narrowPeak
2017-11-30 17:24:16,929 INFO  [Transformer$] Transformation for dataset: narrowPeak
2017-11-30 17:24:17,149 DEBUG [ENCODETransformer] Start unGzipping: ENCFF001UYN.bed.gz
2017-11-30 17:24:17,218 INFO  [ENCODETransformer] UnGzipping: ENCFF001UYN.bed.gz DONE
2017-11-30 17:24:17,374 DEBUG [ENCODETransformer] Start metadata transformation: ENCFF001UYN.bed.gz.json
2017-11-30 17:24:17,560 INFO  [ENCODETransformer] Metadata transformation: ENCFF001UYN.bed.gz.json DONE
2017-11-30 17:24:17,725 INFO  [Transformer$] 0 region data files modified in dataset: narrowPeak
2017-11-30 17:24:17,725 INFO  [Transformer$] 0 metadata files modified in dataset: narrowPeak
2017-11-30 17:24:17,725 INFO  [Transformer$] 0 region data files do not respect the schema in dataset: narrowPeak
2017-11-30 17:24:17,725 INFO  [Transformer$] Total time for transformation dataset narrowPeak: 0:0:0
2017-11-30 17:24:17,726 INFO  [Transformer$] 0 region data files modified in source: HG19_ENCODE
2017-11-30 17:24:17,726 INFO  [Transformer$] 0 metadata files modified in source: HG19_ENCODE
2017-11-30 17:24:17,726 INFO  [Transformer$] 0 region data files do not respect the schema in source: HG19_ENCODE
2017-11-30 17:24:17,726 INFO  [Transformer$] Source HG19_ENCODE transformation finished
2017-11-30 17:24:17,726 INFO  [program$] Transformation for HG19_ENCODE Finished
2017-11-30 17:24:17,726 INFO  [program$] Total time transform source HG19_ENCODE: 0:0:0
2017-11-30 17:24:17,727 INFO  [program$] Total time for transformations: 0:0:0
2017-11-30 17:24:18,052 INFO  [program$] Statistics for source: HG19_ENCODE
2017-11-30 17:24:18,124 INFO  [dbContainer] 	Dataset broadPeak TRANSFORM statistics:
2017-11-30 17:24:18,124 INFO  [dbContainer] 		Total files to TRANSFORM: 0
2017-11-30 17:24:18,124 INFO  [dbContainer] 		TRANSFORM successful files: 0
2017-11-30 17:24:18,177 INFO  [dbContainer] 	Dataset narrowPeak TRANSFORM statistics:
2017-11-30 17:24:18,177 INFO  [dbContainer] 		Total files to TRANSFORM: 2
2017-11-30 17:24:18,177 INFO  [dbContainer] 		TRANSFORM successful files: 0
2017-11-30 17:24:18,239 INFO  [program$] Total time for the run 0:0:7
