2017-11-30 17:41:26,517 INFO  [program$] Total time for downloads: 0:0:0
2017-11-30 17:41:26,527 INFO  [program$] Starting transformation for HG19_ENCODE
2017-11-30 17:41:26,532 INFO  [Transformer$] Starting integration for: /home/federico/_Encode_Realeased/HG19_ENCODE
2017-11-30 17:41:26,605 INFO  [Transformer$] Starting download for: broadPeak
2017-11-30 17:41:26,609 WARN  [Transformer$] Schema not found for: broadPeak
2017-11-30 17:41:26,613 INFO  [Transformer$] Transformation for dataset: broadPeak
2017-11-30 17:41:47,884 DEBUG [ENCODETransformer] Start unGzipping: ENCFF001STU.bed.gz
2017-11-30 17:41:47,914 INFO  [ENCODETransformer] UnGzipping: ENCFF001STU.bed.gz DONE
2017-11-30 17:41:47,999 DEBUG [ENCODETransformer] Start unGzipping: ENCFF001TDG.bed.gz
2017-11-30 17:41:48,034 INFO  [ENCODETransformer] UnGzipping: ENCFF001TDG.bed.gz DONE
2017-11-30 17:41:48,170 DEBUG [ENCODETransformer] Start unGzipping: ENCFF001XDH.bed.gz
2017-11-30 17:41:48,191 INFO  [ENCODETransformer] UnGzipping: ENCFF001XDH.bed.gz DONE
2017-11-30 17:41:48,274 DEBUG [ENCODETransformer] Start unGzipping: ENCFF001XDI.bed.gz
2017-11-30 17:41:48,274 ERROR [ENCODETransformer] Couldnt UnGzip the file: /home/federico/_Encode_Realeased/HG19_ENCODE/broadPeak/Transformations/ENCFF001XDI.bed
2017-11-30 17:41:48,365 INFO  [Transformer$] 0 region data files modified in dataset: broadPeak
2017-11-30 17:41:48,365 INFO  [Transformer$] 0 metadata files modified in dataset: broadPeak
2017-11-30 17:41:48,365 INFO  [Transformer$] 0 region data files do not respect the schema in dataset: broadPeak
2017-11-30 17:41:48,366 INFO  [Transformer$] Total time for transformation dataset broadPeak: 0:0:21
2017-11-30 17:41:48,367 INFO  [Transformer$] 0 region data files modified in source: HG19_ENCODE
2017-11-30 17:41:48,367 INFO  [Transformer$] 0 metadata files modified in source: HG19_ENCODE
2017-11-30 17:41:48,367 INFO  [Transformer$] 0 region data files do not respect the schema in source: HG19_ENCODE
2017-11-30 17:41:48,367 INFO  [Transformer$] Source HG19_ENCODE transformation finished
2017-11-30 17:41:48,367 INFO  [program$] Transformation for HG19_ENCODE Finished
2017-11-30 17:41:48,367 INFO  [program$] Total time transform source HG19_ENCODE: 0:0:21
2017-11-30 17:41:48,368 INFO  [program$] Total time for transformations: 0:0:21
2017-11-30 17:41:48,527 INFO  [program$] Statistics for source: HG19_ENCODE
2017-11-30 17:41:48,562 INFO  [dbContainer] 	Dataset broadPeak TRANSFORM statistics:
2017-11-30 17:41:48,562 INFO  [dbContainer] 		Total files to TRANSFORM: 7
2017-11-30 17:41:48,562 INFO  [dbContainer] 		TRANSFORM successful files: 0
2017-11-30 17:41:48,617 INFO  [program$] Total time for the run 0:0:27
