2017-11-30 22:15:16,830 INFO  [program$] Total time for downloads: 0:0:0
2017-11-30 22:15:16,833 INFO  [program$] Starting transformation for HG19_ENCODE
2017-11-30 22:15:16,835 INFO  [Transformer$] Starting integration for: /home/federico/_Encode_Realeased/HG19_ENCODE
2017-11-30 22:15:16,864 INFO  [Transformer$] Starting download for: broadPeak
2017-11-30 22:15:16,865 WARN  [Transformer$] Schema not found for: broadPeak
2017-11-30 22:15:16,870 INFO  [Transformer$] Transformation for dataset: broadPeak
2017-11-30 22:15:17,128 DEBUG [ENCODETransformer] Start unGzipping: ENCFF001STU.bed.gz
2017-11-30 22:15:17,160 INFO  [ENCODETransformer] UnGzipping: ENCFF001STU.bed.gz DONE
2017-11-30 22:15:17,336 DEBUG [ENCODETransformer] Start metadata transformation: ENCFF001STU.bed.gz.json
2017-11-30 22:15:17,583 INFO  [ENCODETransformer] Metadata transformation: ENCFF001STU.bed.gz.json DONE
2017-11-30 22:15:17,779 DEBUG [ENCODETransformer] Start unGzipping: ENCFF001TDG.bed.gz
2017-11-30 22:15:17,824 INFO  [ENCODETransformer] UnGzipping: ENCFF001TDG.bed.gz DONE
2017-11-30 22:15:18,001 DEBUG [ENCODETransformer] Start metadata transformation: ENCFF001TDG.bed.gz.json
2017-11-30 22:15:18,026 INFO  [ENCODETransformer] Metadata transformation: ENCFF001TDG.bed.gz.json DONE
2017-11-30 22:15:18,197 DEBUG [ENCODETransformer] Start unGzipping: ENCFF001XDH.bed.gz
2017-11-30 22:15:18,226 INFO  [ENCODETransformer] UnGzipping: ENCFF001XDH.bed.gz DONE
2017-11-30 22:15:18,392 DEBUG [ENCODETransformer] Start metadata transformation: ENCFF001XDH.bed.gz.json
2017-11-30 22:15:18,409 INFO  [ENCODETransformer] Metadata transformation: ENCFF001XDH.bed.gz.json DONE
2017-11-30 22:15:18,537 DEBUG [ENCODETransformer] Start unGzipping: ENCFF001XDI.bed.gz
2017-11-30 22:15:18,538 ERROR [ENCODETransformer] Couldnt UnGzip the file: /home/federico/_Encode_Realeased/HG19_ENCODE/broadPeak/Transformations/ENCFF001XDI.bed
2017-11-30 22:15:18,698 INFO  [Transformer$] 0 region data files modified in dataset: broadPeak
2017-11-30 22:15:18,699 INFO  [Transformer$] 0 metadata files modified in dataset: broadPeak
2017-11-30 22:15:18,699 INFO  [Transformer$] 0 region data files do not respect the schema in dataset: broadPeak
2017-11-30 22:15:18,699 INFO  [Transformer$] Total time for transformation dataset broadPeak: 0:0:1
2017-11-30 22:15:18,699 INFO  [Transformer$] 0 region data files modified in source: HG19_ENCODE
2017-11-30 22:15:18,700 INFO  [Transformer$] 0 metadata files modified in source: HG19_ENCODE
2017-11-30 22:15:18,700 INFO  [Transformer$] 0 region data files do not respect the schema in source: HG19_ENCODE
2017-11-30 22:15:18,700 INFO  [Transformer$] Source HG19_ENCODE transformation finished
2017-11-30 22:15:18,700 INFO  [program$] Transformation for HG19_ENCODE Finished
2017-11-30 22:15:18,700 INFO  [program$] Total time transform source HG19_ENCODE: 0:0:1
2017-11-30 22:15:18,700 INFO  [program$] Total time for transformations: 0:0:1
2017-11-30 22:15:18,950 INFO  [program$] Statistics for source: HG19_ENCODE
2017-11-30 22:15:18,994 INFO  [dbContainer] 	Dataset broadPeak TRANSFORM statistics:
2017-11-30 22:15:18,994 INFO  [dbContainer] 		Total files to TRANSFORM: 7
2017-11-30 22:15:18,994 INFO  [dbContainer] 		TRANSFORM successful files: 0
2017-11-30 22:15:19,086 INFO  [program$] Total time for the run 0:0:7
