2017-11-30 17:31:25,876 INFO  [program$] Total time for downloads: 0:0:0
2017-11-30 17:31:25,878 INFO  [program$] Starting transformation for HG19_ENCODE
2017-11-30 17:31:25,880 INFO  [Transformer$] Starting integration for: /home/federico/_Encode_Realeased/HG19_ENCODE
2017-11-30 17:31:25,906 INFO  [Transformer$] Starting download for: broadPeak
2017-11-30 17:31:25,908 WARN  [Transformer$] Schema not found for: broadPeak
2017-11-30 17:31:25,912 INFO  [Transformer$] Transformation for dataset: broadPeak
2017-11-30 17:31:26,130 DEBUG [ENCODETransformer] Start unGzipping: ENCFF001STU.bed.gz
2017-11-30 17:31:26,180 INFO  [ENCODETransformer] UnGzipping: ENCFF001STU.bed.gz DONE
2017-11-30 17:31:26,366 DEBUG [ENCODETransformer] Start metadata transformation: ENCFF001STU.bed.gz.json
2017-11-30 17:31:26,619 INFO  [ENCODETransformer] Metadata transformation: ENCFF001STU.bed.gz.json DONE
2017-11-30 17:31:26,803 DEBUG [ENCODETransformer] Start unGzipping: ENCFF001TDG.bed.gz
2017-11-30 17:31:26,858 INFO  [ENCODETransformer] UnGzipping: ENCFF001TDG.bed.gz DONE
2017-11-30 17:31:27,013 DEBUG [ENCODETransformer] Start metadata transformation: ENCFF001TDG.bed.gz.json
2017-11-30 17:31:27,032 INFO  [ENCODETransformer] Metadata transformation: ENCFF001TDG.bed.gz.json DONE
2017-11-30 17:31:27,207 DEBUG [ENCODETransformer] Start unGzipping: ENCFF001XDH.bed.gz
2017-11-30 17:31:27,238 INFO  [ENCODETransformer] UnGzipping: ENCFF001XDH.bed.gz DONE
2017-11-30 17:31:27,380 DEBUG [ENCODETransformer] Start metadata transformation: ENCFF001XDH.bed.gz.json
2017-11-30 17:31:27,395 INFO  [ENCODETransformer] Metadata transformation: ENCFF001XDH.bed.gz.json DONE
2017-11-30 17:31:27,543 DEBUG [ENCODETransformer] Start unGzipping: ENCFF001XDI.bed.gz
2017-11-30 17:31:27,544 ERROR [ENCODETransformer] Couldnt UnGzip the file: /home/federico/_Encode_Realeased/HG19_ENCODE/broadPeak/Transformations/ENCFF001XDI.bed
2017-11-30 17:31:27,621 INFO  [Transformer$] 0 region data files modified in dataset: broadPeak
2017-11-30 17:31:27,621 INFO  [Transformer$] 0 metadata files modified in dataset: broadPeak
2017-11-30 17:31:27,621 INFO  [Transformer$] 0 region data files do not respect the schema in dataset: broadPeak
2017-11-30 17:31:27,622 INFO  [Transformer$] Total time for transformation dataset broadPeak: 0:0:1
2017-11-30 17:31:27,622 INFO  [Transformer$] 0 region data files modified in source: HG19_ENCODE
2017-11-30 17:31:27,622 INFO  [Transformer$] 0 metadata files modified in source: HG19_ENCODE
2017-11-30 17:31:27,622 INFO  [Transformer$] 0 region data files do not respect the schema in source: HG19_ENCODE
2017-11-30 17:31:27,622 INFO  [Transformer$] Source HG19_ENCODE transformation finished
2017-11-30 17:31:27,622 INFO  [program$] Transformation for HG19_ENCODE Finished
2017-11-30 17:31:27,622 INFO  [program$] Total time transform source HG19_ENCODE: 0:0:1
2017-11-30 17:31:27,623 INFO  [program$] Total time for transformations: 0:0:1
2017-11-30 17:31:27,866 INFO  [program$] Statistics for source: HG19_ENCODE
2017-11-30 17:31:27,910 INFO  [dbContainer] 	Dataset broadPeak TRANSFORM statistics:
2017-11-30 17:31:27,910 INFO  [dbContainer] 		Total files to TRANSFORM: 7
2017-11-30 17:31:27,910 INFO  [dbContainer] 		TRANSFORM successful files: 0
2017-11-30 17:31:27,997 INFO  [program$] Total time for the run 0:0:7
