2017-11-30 17:39:23,385 INFO  [program$] Total time for downloads: 0:0:0
2017-11-30 17:39:23,387 INFO  [program$] Starting transformation for HG19_ENCODE
2017-11-30 17:39:23,389 INFO  [Transformer$] Starting integration for: /home/federico/_Encode_Realeased/HG19_ENCODE
2017-11-30 17:39:23,414 INFO  [Transformer$] Starting download for: broadPeak
2017-11-30 17:39:23,415 WARN  [Transformer$] Schema not found for: broadPeak
2017-11-30 17:39:23,419 INFO  [Transformer$] Transformation for dataset: broadPeak
2017-11-30 17:39:44,671 DEBUG [ENCODETransformer] Start unGzipping: ENCFF001STU.bed.gz
2017-11-30 17:39:44,714 INFO  [ENCODETransformer] UnGzipping: ENCFF001STU.bed.gz DONE
2017-11-30 17:39:44,822 DEBUG [ENCODETransformer] Start unGzipping: ENCFF001TDG.bed.gz
2017-11-30 17:39:44,868 INFO  [ENCODETransformer] UnGzipping: ENCFF001TDG.bed.gz DONE
2017-11-30 17:39:45,003 DEBUG [ENCODETransformer] Start unGzipping: ENCFF001XDH.bed.gz
2017-11-30 17:39:45,026 INFO  [ENCODETransformer] UnGzipping: ENCFF001XDH.bed.gz DONE
2017-11-30 17:39:45,118 DEBUG [ENCODETransformer] Start unGzipping: ENCFF001XDI.bed.gz
2017-11-30 17:39:45,118 ERROR [ENCODETransformer] Couldnt UnGzip the file: /home/federico/_Encode_Realeased/HG19_ENCODE/broadPeak/Transformations/ENCFF001XDI.bed
2017-11-30 17:39:45,221 INFO  [Transformer$] 0 region data files modified in dataset: broadPeak
2017-11-30 17:39:45,221 INFO  [Transformer$] 0 metadata files modified in dataset: broadPeak
2017-11-30 17:39:45,221 INFO  [Transformer$] 0 region data files do not respect the schema in dataset: broadPeak
2017-11-30 17:39:45,222 INFO  [Transformer$] Total time for transformation dataset broadPeak: 0:0:21
2017-11-30 17:39:45,223 INFO  [Transformer$] 0 region data files modified in source: HG19_ENCODE
2017-11-30 17:39:45,223 INFO  [Transformer$] 0 metadata files modified in source: HG19_ENCODE
2017-11-30 17:39:45,223 INFO  [Transformer$] 0 region data files do not respect the schema in source: HG19_ENCODE
2017-11-30 17:39:45,223 INFO  [Transformer$] Source HG19_ENCODE transformation finished
2017-11-30 17:39:45,223 INFO  [program$] Transformation for HG19_ENCODE Finished
2017-11-30 17:39:45,223 INFO  [program$] Total time transform source HG19_ENCODE: 0:0:21
2017-11-30 17:39:45,223 INFO  [program$] Total time for transformations: 0:0:21
2017-11-30 17:39:45,385 INFO  [program$] Statistics for source: HG19_ENCODE
2017-11-30 17:39:45,418 INFO  [dbContainer] 	Dataset broadPeak TRANSFORM statistics:
2017-11-30 17:39:45,418 INFO  [dbContainer] 		Total files to TRANSFORM: 7
2017-11-30 17:39:45,418 INFO  [dbContainer] 		TRANSFORM successful files: 0
2017-11-30 17:39:45,493 INFO  [program$] Total time for the run 0:0:27
