2017-12-13 17:44:53,822 INFO  [main$] Start to read /home/federico/Scrivania/Encode_Download/HG19_ENCODE/broadPeak/Transformations/ENCFF001SYU.bed.meta
2017-12-13 17:44:54,243 INFO  [main$] File status archived, go to next file
2017-12-13 17:44:54,245 INFO  [main$] Start to read /home/federico/Scrivania/Encode_Download/HG19_ENCODE/broadPeak/Transformations/ENCFF001UHN.bed.meta
2017-12-13 17:44:54,474 INFO  [main$] File status archived, go to next file
2017-12-13 17:44:54,475 INFO  [main$] Start to read /home/federico/Scrivania/Encode_Download/HG19_ENCODE/broadPeak/Transformations/ENCFF916TPJ.bed.meta
2017-12-13 17:44:54,525 INFO  [main$] File status archived, go to next file
2017-12-13 17:44:54,525 INFO  [main$] Start to read /home/federico/Scrivania/Encode_Download/HG19_ENCODE/broadPeak/Transformations/ENCFF001TYA.bed.meta
2017-12-13 17:44:54,540 INFO  [main$] File status archived, go to next file
2017-12-13 17:44:54,540 INFO  [main$] Start to read /home/federico/Scrivania/Encode_Download/HG19_ENCODE/broadPeak/Transformations/ENCFF001VXC.bed.meta
2017-12-13 17:44:54,553 INFO  [main$] File status released, start populate table
2017-12-13 17:44:54,745 WARN  [main$] SourceKey does't find for List(EXPERIMENTSTYPE, file__replicate__experiment__target__investigated_as, feature, DEFAULT)
2017-12-13 17:44:54,745 WARN  [main$] SourceKey does't find for List(EXPERIMENTSTYPE, target__name, target, DEFAULT)
2017-12-13 17:44:54,745 WARN  [main$] SourceKey does't find for List(EXPERIMENTSTYPE, replicates__1__antibody__title , antibody, CONCAT)
2017-12-13 17:44:54,747 WARN  [main$] SourceKey does't find for List(EXPERIMENTSTYPE, replicates__1__antibody__url, antibody, CONCAT)
2017-12-13 17:45:03,341 INFO  [main$] Start to read /home/federico/Scrivania/Encode_Download/HG19_ENCODE/broadPeak/Transformations/ENCFF331MKY.bed.meta
2017-12-13 17:45:03,367 INFO  [main$] File status archived, go to next file
2017-12-13 17:45:03,367 INFO  [main$] Start to read /home/federico/Scrivania/Encode_Download/HG19_ENCODE/broadPeak/Transformations/ENCFF408AKJ.bed.meta
2017-12-13 17:45:03,377 INFO  [main$] File status archived, go to next file
2017-12-13 17:45:03,377 INFO  [main$] Start to read /home/federico/Scrivania/Encode_Download/HG19_ENCODE/broadPeak/Transformations/ENCFF001TCQ.bed.meta
2017-12-13 17:45:03,400 INFO  [main$] File status archived, go to next file
2017-12-13 17:45:03,400 INFO  [main$] Start to read /home/federico/Scrivania/Encode_Download/HG19_ENCODE/broadPeak/Transformations/ENCFF001STW.bed.meta
2017-12-13 17:45:03,432 INFO  [main$] File status archived, go to next file
2017-12-13 17:45:03,432 INFO  [main$] Start to read /home/federico/Scrivania/Encode_Download/HG19_ENCODE/broadPeak/Transformations/ENCFF001VXE.bed.meta
2017-12-13 17:45:03,474 INFO  [main$] File status released, start populate table
2017-12-13 17:45:03,518 WARN  [main$] SourceKey does't find for List(EXPERIMENTSTYPE, file__replicate__experiment__target__investigated_as, feature, DEFAULT)
2017-12-13 17:45:03,519 WARN  [main$] SourceKey does't find for List(EXPERIMENTSTYPE, target__name, target, DEFAULT)
2017-12-13 17:45:03,519 WARN  [main$] SourceKey does't find for List(EXPERIMENTSTYPE, replicates__1__antibody__title , antibody, CONCAT)
2017-12-13 17:45:03,519 WARN  [main$] SourceKey does't find for List(EXPERIMENTSTYPE, replicates__1__antibody__url, antibody, CONCAT)
2017-12-13 17:45:07,459 INFO  [main$] Start to read /home/federico/Scrivania/Encode_Download/HG19_ENCODE/broadPeak/Transformations/ENCFF001UDG.bed.meta
2017-12-13 17:45:07,520 INFO  [main$] File status archived, go to next file
2017-12-13 17:45:07,520 INFO  [main$] Start to read /home/federico/Scrivania/Encode_Download/HG19_ENCODE/broadPeak/Transformations/ENCFF001WUD.bed.meta
2017-12-13 17:45:07,588 INFO  [main$] File status archived, go to next file
2017-12-13 17:45:07,588 INFO  [main$] Start to read /home/federico/Scrivania/Encode_Download/HG19_ENCODE/broadPeak/Transformations/ENCFF622SGZ.bed.meta
2017-12-13 17:45:07,603 INFO  [main$] File status archived, go to next file
2017-12-13 17:45:07,603 INFO  [main$] Start to read /home/federico/Scrivania/Encode_Download/HG19_ENCODE/broadPeak/Transformations/ENCFF935EAP.bed.meta
2017-12-13 17:45:07,613 INFO  [main$] File status archived, go to next file
2017-12-13 17:45:07,613 INFO  [main$] Start to read /home/federico/Scrivania/Encode_Download/HG19_ENCODE/broadPeak/Transformations/ENCFF830PPR.bed.meta
2017-12-13 17:45:07,626 INFO  [main$] File status released, start populate table
2017-12-13 17:45:07,643 WARN  [main$] SourceKey does't find for List(DONORS, replicates__1__library__biosample__donor__age, age, DEFAULT)
2017-12-13 17:45:07,643 WARN  [main$] SourceKey does't find for List(DONORS, replicates__1__library__biosample__donor__ethnicity, ethnicity, DEFAULT)
2017-12-13 17:45:07,644 WARN  [main$] SourceKey does't find for List(BIOSAMPLES, replicates__1__library__biosample__health_status, isHealty, DEFAULT)
2017-12-13 17:45:07,644 WARN  [main$] SourceKey does't find for List(BIOSAMPLES, replicates__1__library__biosample__health_status, disease, DEFAULT)
2017-12-13 17:45:07,644 WARN  [main$] SourceKey does't find for List(EXPERIMENTSTYPE, file__replicate__experiment__target__investigated_as, feature, DEFAULT)
2017-12-13 17:45:07,644 WARN  [main$] SourceKey does't find for List(EXPERIMENTSTYPE, target__name, target, DEFAULT)
2017-12-13 17:45:07,644 WARN  [main$] SourceKey does't find for List(EXPERIMENTSTYPE, replicates__1__antibody__title , antibody, CONCAT)
2017-12-13 17:45:07,644 WARN  [main$] SourceKey does't find for List(EXPERIMENTSTYPE, replicates__1__antibody__url, antibody, CONCAT)
2017-12-13 17:45:10,968 INFO  [main$] Start to read /home/federico/Scrivania/Encode_Download/HG19_ENCODE/broadPeak/Transformations/ENCFF001VAK.bed.meta
2017-12-13 17:45:10,985 INFO  [main$] File status released, start populate table
2017-12-13 17:45:10,996 WARN  [main$] SourceKey does't find for List(DONORS, replicates__1__library__biosample__donor__age, age, DEFAULT)
2017-12-13 17:45:10,996 WARN  [main$] SourceKey does't find for List(EXPERIMENTSTYPE, replicates__1__antibody__title , antibody, CONCAT)
2017-12-13 17:45:10,996 WARN  [main$] SourceKey does't find for List(EXPERIMENTSTYPE, replicates__1__antibody__url, antibody, CONCAT)
2017-12-13 17:45:11,967 INFO  [main$] Start to read /home/federico/Scrivania/Encode_Download/HG19_ENCODE/broadPeak/Transformations/ENCFF001UMG.bed.meta
2017-12-13 17:45:11,982 INFO  [main$] File status archived, go to next file
2017-12-13 17:45:11,982 INFO  [main$] Start to read /home/federico/Scrivania/Encode_Download/HG19_ENCODE/broadPeak/Transformations/ENCFF718ITI.bed.meta
2017-12-13 17:45:12,006 INFO  [main$] File status archived, go to next file
2017-12-13 17:45:12,006 INFO  [main$] Start to read /home/federico/Scrivania/Encode_Download/HG19_ENCODE/broadPeak/Transformations/ENCFF001UFL.bed.meta
2017-12-13 17:45:12,024 INFO  [main$] File status archived, go to next file
2017-12-13 17:45:12,024 INFO  [main$] Start to read /home/federico/Scrivania/Encode_Download/HG19_ENCODE/broadPeak/Transformations/ENCFF001WTB.bed.meta
2017-12-13 17:45:12,038 INFO  [main$] File status archived, go to next file
2017-12-13 17:45:12,039 INFO  [main$] Start to read /home/federico/Scrivania/Encode_Download/HG19_ENCODE/broadPeak/Transformations/ENCFF239LHL.bed.meta
2017-12-13 17:45:12,048 INFO  [main$] File status archived, go to next file
2017-12-13 17:45:12,049 INFO  [main$] Start to read /home/federico/Scrivania/Encode_Download/HG19_ENCODE/broadPeak/Transformations/ENCFF001UME.bed.meta
2017-12-13 17:45:12,061 INFO  [main$] File status archived, go to next file
2017-12-13 17:45:12,062 INFO  [main$] Start to read /home/federico/Scrivania/Encode_Download/HG19_ENCODE/broadPeak/Transformations/ENCFF001TAU.bed.meta
2017-12-13 17:45:12,068 INFO  [main$] File status archived, go to next file
2017-12-13 17:45:12,069 INFO  [main$] Start to read /home/federico/Scrivania/Encode_Download/HG19_ENCODE/broadPeak/Transformations/ENCFF682YKZ.bed.meta
2017-12-13 17:45:12,078 INFO  [main$] File status archived, go to next file
2017-12-13 17:45:12,078 INFO  [main$] Start to read /home/federico/Scrivania/Encode_Download/HG19_ENCODE/broadPeak/Transformations/ENCFF001TAJ.bed.meta
2017-12-13 17:45:12,086 INFO  [main$] File status archived, go to next file
2017-12-13 17:45:12,086 INFO  [main$] Start to read /home/federico/Scrivania/Encode_Download/HG19_ENCODE/broadPeak/Transformations/ENCFF001VRV.bed.meta
2017-12-13 17:45:12,099 INFO  [main$] File status released, start populate table
2017-12-13 17:45:12,117 WARN  [main$] SourceKey does't find for List(BIOSAMPLES, replicates__1__library__biosample__health_status, isHealty, DEFAULT)
2017-12-13 17:45:12,117 WARN  [main$] SourceKey does't find for List(BIOSAMPLES, replicates__1__library__biosample__health_status, disease, DEFAULT)
2017-12-13 17:45:12,123 WARN  [main$] SourceKey does't find for List(EXPERIMENTSTYPE, file__replicate__experiment__target__investigated_as, feature, DEFAULT)
2017-12-13 17:45:12,123 WARN  [main$] SourceKey does't find for List(EXPERIMENTSTYPE, target__name, target, DEFAULT)
2017-12-13 17:45:12,123 WARN  [main$] SourceKey does't find for List(EXPERIMENTSTYPE, replicates__1__antibody__title , antibody, CONCAT)
2017-12-13 17:45:12,124 WARN  [main$] SourceKey does't find for List(EXPERIMENTSTYPE, replicates__1__antibody__url, antibody, CONCAT)
2017-12-13 17:45:13,669 INFO  [main$] Start to read /home/federico/Scrivania/Encode_Download/HG19_ENCODE/broadPeak/Transformations/ENCFF001UCP.bed.meta
2017-12-13 17:45:13,689 INFO  [main$] File status archived, go to next file
2017-12-13 17:45:13,689 INFO  [main$] Start to read /home/federico/Scrivania/Encode_Download/HG19_ENCODE/broadPeak/Transformations/ENCFF228TCV.bed.meta
2017-12-13 17:45:13,696 INFO  [main$] File status archived, go to next file
2017-12-13 17:45:13,697 INFO  [main$] Start to read /home/federico/Scrivania/Encode_Download/HG19_ENCODE/broadPeak/Transformations/ENCFF001UQP.bed.meta
2017-12-13 17:45:13,712 INFO  [main$] File status released, start populate table
2017-12-13 17:45:13,723 WARN  [main$] SourceKey does't find for List(DONORS, replicates__1__library__biosample__donor__ethnicity, ethnicity, DEFAULT)
2017-12-13 17:45:13,724 WARN  [main$] SourceKey does't find for List(EXPERIMENTSTYPE, replicates__1__antibody__title , antibody, CONCAT)
2017-12-13 17:45:19,731 INFO  [main$] Start to read /home/federico/Scrivania/Encode_Download/HG19_ENCODE/broadPeak/Transformations/ENCFF001URM.bed.meta
2017-12-13 17:45:19,877 INFO  [main$] File status archived, go to next file
2017-12-13 17:45:19,879 INFO  [main$] Start to read /home/federico/Scrivania/Encode_Download/HG19_ENCODE/broadPeak/Transformations/ENCFF001UAB.bed.meta
2017-12-13 17:45:19,988 INFO  [main$] File status archived, go to next file
2017-12-13 17:45:19,988 INFO  [main$] Start to read /home/federico/Scrivania/Encode_Download/HG19_ENCODE/broadPeak/Transformations/ENCFF001UBK.bed.meta
2017-12-13 17:45:20,113 INFO  [main$] File status archived, go to next file
2017-12-13 17:45:20,113 INFO  [main$] Start to read /home/federico/Scrivania/Encode_Download/HG19_ENCODE/broadPeak/Transformations/ENCFF001SYI.bed.meta
2017-12-13 17:45:20,122 INFO  [main$] File status archived, go to next file
2017-12-13 17:45:20,122 INFO  [main$] Start to read /home/federico/Scrivania/Encode_Download/HG19_ENCODE/broadPeak/Transformations/ENCFF001VSG.bed.meta
2017-12-13 17:45:20,129 INFO  [main$] File status released, start populate table
2017-12-13 17:45:20,152 WARN  [main$] SourceKey does't find for List(EXPERIMENTSTYPE, file__replicate__experiment__target__investigated_as, feature, DEFAULT)
2017-12-13 17:45:20,153 WARN  [main$] SourceKey does't find for List(EXPERIMENTSTYPE, target__name, target, DEFAULT)
2017-12-13 17:45:20,153 WARN  [main$] SourceKey does't find for List(EXPERIMENTSTYPE, replicates__2__antibody__title , antibody, CONCAT)
2017-12-13 17:45:20,153 WARN  [main$] SourceKey does't find for List(EXPERIMENTSTYPE, replicates__2__antibody__url, antibody, CONCAT)
2017-12-13 17:45:21,821 INFO  [main$] Start to read /home/federico/Scrivania/Encode_Download/HG19_ENCODE/broadPeak/Transformations/ENCFF001TWL.bed.meta
2017-12-13 17:45:21,838 INFO  [main$] File status archived, go to next file
2017-12-13 17:45:21,838 INFO  [main$] Start to read /home/federico/Scrivania/Encode_Download/HG19_ENCODE/broadPeak/Transformations/ENCFF001SOI.bed.meta
2017-12-13 17:45:21,846 INFO  [main$] File status released, start populate table
2017-12-13 17:45:21,855 WARN  [main$] SourceKey does't find for List(DONORS, replicates__1__library__biosample__donor__age, age, DEFAULT)
2017-12-13 17:45:21,856 WARN  [main$] SourceKey does't find for List(DONORS, replicates__1__library__biosample__donor__ethnicity, ethnicity, DEFAULT)
2017-12-13 17:45:21,856 WARN  [main$] SourceKey does't find for List(EXPERIMENTSTYPE, file__replicate__experiment__target__investigated_as, feature, DEFAULT)
2017-12-13 17:45:21,856 WARN  [main$] SourceKey does't find for List(EXPERIMENTSTYPE, target__name, target, DEFAULT)
2017-12-13 17:45:21,856 WARN  [main$] SourceKey does't find for List(EXPERIMENTSTYPE, replicates__1__antibody__title , antibody, CONCAT)
2017-12-13 17:45:21,857 WARN  [main$] SourceKey does't find for List(EXPERIMENTSTYPE, replicates__1__antibody__url, antibody, CONCAT)
2017-12-13 17:45:22,803 INFO  [main$] Start to read /home/federico/Scrivania/Encode_Download/HG19_ENCODE/broadPeak/Transformations/ENCFF001TYG.bed.meta
2017-12-13 17:45:22,820 INFO  [main$] File status archived, go to next file
2017-12-13 17:45:22,820 INFO  [main$] Start to read /home/federico/Scrivania/Encode_Download/HG19_ENCODE/broadPeak/Transformations/ENCFF001TWB.bed.meta
2017-12-13 17:45:22,829 INFO  [main$] File status archived, go to next file
2017-12-13 17:45:22,829 INFO  [main$] Start to read /home/federico/Scrivania/Encode_Download/HG19_ENCODE/broadPeak/Transformations/ENCFF001UHB.bed.meta
2017-12-13 17:45:22,839 INFO  [main$] File status archived, go to next file
2017-12-13 17:45:22,839 INFO  [main$] Start to read /home/federico/Scrivania/Encode_Download/HG19_ENCODE/broadPeak/Transformations/ENCFF001XHD.bed.meta
2017-12-13 17:45:22,846 INFO  [main$] File status archived, go to next file
2017-12-13 17:45:22,846 INFO  [main$] Start to read /home/federico/Scrivania/Encode_Download/HG19_ENCODE/broadPeak/Transformations/ENCFF001VWH.bed.meta
2017-12-13 17:45:22,853 INFO  [main$] File status released, start populate table
2017-12-13 17:45:22,858 WARN  [main$] SourceKey does't find for List(DONORS, replicates__2__library__biosample__donor__age, age, DEFAULT)
2017-12-13 17:45:22,858 WARN  [main$] SourceKey does't find for List(DONORS, replicates__2__library__biosample__donor__ethnicity, ethnicity, DEFAULT)
2017-12-13 17:45:22,858 WARN  [main$] SourceKey does't find for List(EXPERIMENTSTYPE, file__replicate__experiment__target__investigated_as, feature, DEFAULT)
2017-12-13 17:45:22,859 WARN  [main$] SourceKey does't find for List(EXPERIMENTSTYPE, target__name, target, DEFAULT)
2017-12-13 17:45:22,859 WARN  [main$] SourceKey does't find for List(EXPERIMENTSTYPE, replicates__2__antibody__title , antibody, CONCAT)
2017-12-13 17:45:22,859 WARN  [main$] SourceKey does't find for List(EXPERIMENTSTYPE, replicates__2__antibody__url, antibody, CONCAT)
2017-12-13 17:45:24,240 INFO  [main$] Start to read /home/federico/Scrivania/Encode_Download/HG19_ENCODE/broadPeak/Transformations/ENCFF001XOL.bed.meta
2017-12-13 17:45:24,257 INFO  [main$] File status archived, go to next file
2017-12-13 17:45:24,257 INFO  [main$] Start to read /home/federico/Scrivania/Encode_Download/HG19_ENCODE/broadPeak/Transformations/ENCFF001VUC.bed.meta
2017-12-13 17:45:24,262 INFO  [main$] File status released, start populate table
2017-12-13 17:45:24,267 WARN  [main$] SourceKey does't find for List(DONORS, replicates__2__library__biosample__donor__age, age, DEFAULT)
2017-12-13 17:45:24,267 WARN  [main$] SourceKey does't find for List(DONORS, replicates__2__library__biosample__donor__ethnicity, ethnicity, DEFAULT)
2017-12-13 17:45:24,270 WARN  [main$] SourceKey does't find for List(EXPERIMENTSTYPE, file__replicate__experiment__target__investigated_as, feature, DEFAULT)
2017-12-13 17:45:24,270 WARN  [main$] SourceKey does't find for List(EXPERIMENTSTYPE, target__name, target, DEFAULT)
2017-12-13 17:45:24,270 WARN  [main$] SourceKey does't find for List(EXPERIMENTSTYPE, replicates__2__antibody__title , antibody, CONCAT)
2017-12-13 17:45:24,271 WARN  [main$] SourceKey does't find for List(EXPERIMENTSTYPE, replicates__2__antibody__url, antibody, CONCAT)
2017-12-13 17:45:26,349 INFO  [main$] Start to read /home/federico/Scrivania/Encode_Download/HG19_ENCODE/broadPeak/Transformations/ENCFF413YRT.bed.meta
2017-12-13 17:45:26,401 INFO  [main$] File status archived, go to next file
2017-12-13 17:45:26,401 INFO  [main$] Start to read /home/federico/Scrivania/Encode_Download/HG19_ENCODE/broadPeak/Transformations/ENCFF001UKM.bed.meta
2017-12-13 17:45:26,422 INFO  [main$] File status archived, go to next file
2017-12-13 17:45:26,422 INFO  [main$] Start to read /home/federico/Scrivania/Encode_Download/HG19_ENCODE/broadPeak/Transformations/ENCFF942JEG.bed.meta
2017-12-13 17:45:26,488 INFO  [main$] File status released, start populate table
2017-12-13 17:45:26,493 WARN  [main$] SourceKey does't find for List(EXPERIMENTSTYPE, file__replicate__experiment__target__investigated_as, feature, DEFAULT)
2017-12-13 17:45:26,493 WARN  [main$] SourceKey does't find for List(EXPERIMENTSTYPE, target__name, target, DEFAULT)
2017-12-13 17:45:26,494 WARN  [main$] SourceKey does't find for List(EXPERIMENTSTYPE, replicates__1__antibody__title , antibody, CONCAT)
2017-12-13 17:45:26,494 WARN  [main$] SourceKey does't find for List(EXPERIMENTSTYPE, replicates__1__antibody__url, antibody, CONCAT)
