2017-11-30 17:20:01,813 INFO  [program$] Total time for downloads: 0:0:0
2017-11-30 17:20:01,816 INFO  [program$] Starting transformation for HG19_ENCODE
2017-11-30 17:20:01,855 INFO  [Transformer$] Starting integration for: /home/federico/_Encode_Realeased/HG19_ENCODE
2017-11-30 17:20:01,883 INFO  [Transformer$] Starting download for: broadPeak
2017-11-30 17:20:01,910 WARN  [Transformer$] Schema not found for: broadPeak
2017-11-30 17:20:01,911 INFO  [Transformer$] Transformation for dataset: broadPeak
2017-11-30 17:20:02,005 INFO  [Transformer$] 0 region data files modified in dataset: broadPeak
2017-11-30 17:20:02,005 INFO  [Transformer$] 0 metadata files modified in dataset: broadPeak
2017-11-30 17:20:02,006 INFO  [Transformer$] 0 region data files do not respect the schema in dataset: broadPeak
2017-11-30 17:20:02,006 INFO  [Transformer$] Total time for transformation dataset broadPeak: 0:0:0
2017-11-30 17:20:02,021 INFO  [Transformer$] Starting download for: narrowPeak
2017-11-30 17:20:02,022 WARN  [Transformer$] Schema not found for: narrowPeak
2017-11-30 17:20:02,024 INFO  [Transformer$] Transformation for dataset: narrowPeak
2017-11-30 17:20:02,447 DEBUG [ENCODETransformer] Start unGzipping: ENCFF001UYN.bed.gz
2017-11-30 17:20:02,559 INFO  [ENCODETransformer] UnGzipping: ENCFF001UYN.bed.gz DONE
2017-11-30 17:20:02,685 INFO  [Transformer$] 0 region data files modified in dataset: narrowPeak
2017-11-30 17:20:02,686 INFO  [Transformer$] 0 metadata files modified in dataset: narrowPeak
2017-11-30 17:20:02,686 INFO  [Transformer$] 0 region data files do not respect the schema in dataset: narrowPeak
2017-11-30 17:20:02,686 INFO  [Transformer$] Total time for transformation dataset narrowPeak: 0:0:0
2017-11-30 17:20:02,686 INFO  [Transformer$] 0 region data files modified in source: HG19_ENCODE
2017-11-30 17:20:02,686 INFO  [Transformer$] 0 metadata files modified in source: HG19_ENCODE
2017-11-30 17:20:02,686 INFO  [Transformer$] 0 region data files do not respect the schema in source: HG19_ENCODE
2017-11-30 17:20:02,687 INFO  [Transformer$] Source HG19_ENCODE transformation finished
2017-11-30 17:20:02,687 INFO  [program$] Transformation for HG19_ENCODE Finished
2017-11-30 17:20:02,687 INFO  [program$] Total time transform source HG19_ENCODE: 0:0:0
2017-11-30 17:20:02,687 INFO  [program$] Total time for transformations: 0:0:0
2017-11-30 17:20:03,053 INFO  [program$] Statistics for source: HG19_ENCODE
2017-11-30 17:20:03,159 INFO  [dbContainer] 	Dataset broadPeak TRANSFORM statistics:
2017-11-30 17:20:03,159 INFO  [dbContainer] 		Total files to TRANSFORM: 0
2017-11-30 17:20:03,159 INFO  [dbContainer] 		TRANSFORM successful files: 0
2017-11-30 17:20:03,215 INFO  [dbContainer] 	Dataset narrowPeak TRANSFORM statistics:
2017-11-30 17:20:03,216 INFO  [dbContainer] 		Total files to TRANSFORM: 2
2017-11-30 17:20:03,216 INFO  [dbContainer] 		TRANSFORM successful files: 0
2017-11-30 17:20:03,292 INFO  [program$] Total time for the run 0:0:7
