2017-11-30 17:40:28,791 INFO  [program$] Total time for downloads: 0:0:0
2017-11-30 17:40:28,794 INFO  [program$] Starting transformation for HG19_ENCODE
2017-11-30 17:40:28,796 INFO  [Transformer$] Starting integration for: /home/federico/_Encode_Realeased/HG19_ENCODE
2017-11-30 17:40:28,826 INFO  [Transformer$] Starting download for: broadPeak
2017-11-30 17:40:28,870 WARN  [Transformer$] Schema not found for: broadPeak
2017-11-30 17:40:28,871 INFO  [Transformer$] Transformation for dataset: broadPeak
2017-11-30 17:40:49,122 DEBUG [ENCODETransformer] Start unGzipping: ENCFF001STU.bed.gz
2017-11-30 17:40:49,149 INFO  [ENCODETransformer] UnGzipping: ENCFF001STU.bed.gz DONE
2017-11-30 17:40:49,237 DEBUG [ENCODETransformer] Start unGzipping: ENCFF001TDG.bed.gz
2017-11-30 17:40:49,265 INFO  [ENCODETransformer] UnGzipping: ENCFF001TDG.bed.gz DONE
2017-11-30 17:40:49,357 DEBUG [ENCODETransformer] Start unGzipping: ENCFF001XDH.bed.gz
2017-11-30 17:40:49,378 INFO  [ENCODETransformer] UnGzipping: ENCFF001XDH.bed.gz DONE
2017-11-30 17:40:49,454 DEBUG [ENCODETransformer] Start unGzipping: ENCFF001XDI.bed.gz
2017-11-30 17:40:49,454 ERROR [ENCODETransformer] Couldnt UnGzip the file: /home/federico/_Encode_Realeased/HG19_ENCODE/broadPeak/Transformations/ENCFF001XDI.bed
2017-11-30 17:40:49,552 INFO  [Transformer$] 0 region data files modified in dataset: broadPeak
2017-11-30 17:40:49,552 INFO  [Transformer$] 0 metadata files modified in dataset: broadPeak
2017-11-30 17:40:49,552 INFO  [Transformer$] 0 region data files do not respect the schema in dataset: broadPeak
2017-11-30 17:40:49,554 INFO  [Transformer$] Total time for transformation dataset broadPeak: 0:0:20
2017-11-30 17:40:49,554 INFO  [Transformer$] 0 region data files modified in source: HG19_ENCODE
2017-11-30 17:40:49,554 INFO  [Transformer$] 0 metadata files modified in source: HG19_ENCODE
2017-11-30 17:40:49,554 INFO  [Transformer$] 0 region data files do not respect the schema in source: HG19_ENCODE
2017-11-30 17:40:49,554 INFO  [Transformer$] Source HG19_ENCODE transformation finished
2017-11-30 17:40:49,554 INFO  [program$] Transformation for HG19_ENCODE Finished
2017-11-30 17:40:49,555 INFO  [program$] Total time transform source HG19_ENCODE: 0:0:20
2017-11-30 17:40:49,555 INFO  [program$] Total time for transformations: 0:0:20
2017-11-30 17:40:49,709 INFO  [program$] Statistics for source: HG19_ENCODE
2017-11-30 17:40:49,739 INFO  [dbContainer] 	Dataset broadPeak TRANSFORM statistics:
2017-11-30 17:40:49,739 INFO  [dbContainer] 		Total files to TRANSFORM: 7
2017-11-30 17:40:49,739 INFO  [dbContainer] 		TRANSFORM successful files: 0
2017-11-30 17:40:49,810 INFO  [program$] Total time for the run 0:0:26
