2017-11-30 17:42:56,499 INFO  [program$] Total time for downloads: 0:0:0
2017-11-30 17:42:56,500 INFO  [program$] Starting transformation for HG19_ENCODE
2017-11-30 17:42:56,502 INFO  [Transformer$] Starting integration for: /home/federico/_Encode_Realeased/HG19_ENCODE
2017-11-30 17:42:56,523 INFO  [Transformer$] Starting download for: broadPeak
2017-11-30 17:42:56,525 WARN  [Transformer$] Schema not found for: broadPeak
2017-11-30 17:42:56,528 INFO  [Transformer$] Transformation for dataset: broadPeak
2017-11-30 17:42:56,750 DEBUG [ENCODETransformer] Start unGzipping: ENCFF001STU.bed.gz
2017-11-30 17:42:56,781 INFO  [ENCODETransformer] UnGzipping: ENCFF001STU.bed.gz DONE
2017-11-30 17:42:56,952 DEBUG [ENCODETransformer] Start metadata transformation: ENCFF001STU.bed.gz.json
2017-11-30 17:42:57,170 INFO  [ENCODETransformer] Metadata transformation: ENCFF001STU.bed.gz.json DONE
2017-11-30 17:42:57,348 DEBUG [ENCODETransformer] Start unGzipping: ENCFF001TDG.bed.gz
2017-11-30 17:42:57,380 INFO  [ENCODETransformer] UnGzipping: ENCFF001TDG.bed.gz DONE
2017-11-30 17:42:57,537 DEBUG [ENCODETransformer] Start metadata transformation: ENCFF001TDG.bed.gz.json
2017-11-30 17:42:57,559 INFO  [ENCODETransformer] Metadata transformation: ENCFF001TDG.bed.gz.json DONE
2017-11-30 17:42:57,744 DEBUG [ENCODETransformer] Start unGzipping: ENCFF001XDH.bed.gz
2017-11-30 17:42:57,776 INFO  [ENCODETransformer] UnGzipping: ENCFF001XDH.bed.gz DONE
2017-11-30 17:42:57,914 DEBUG [ENCODETransformer] Start metadata transformation: ENCFF001XDH.bed.gz.json
2017-11-30 17:42:57,932 INFO  [ENCODETransformer] Metadata transformation: ENCFF001XDH.bed.gz.json DONE
2017-11-30 17:42:58,069 DEBUG [ENCODETransformer] Start unGzipping: ENCFF001XDI.bed.gz
2017-11-30 17:42:58,069 ERROR [ENCODETransformer] Couldnt UnGzip the file: /home/federico/_Encode_Realeased/HG19_ENCODE/broadPeak/Transformations/ENCFF001XDI.bed
2017-11-30 17:42:58,276 INFO  [Transformer$] 0 region data files modified in dataset: broadPeak
2017-11-30 17:42:58,278 INFO  [Transformer$] 0 metadata files modified in dataset: broadPeak
2017-11-30 17:42:58,278 INFO  [Transformer$] 0 region data files do not respect the schema in dataset: broadPeak
2017-11-30 17:42:58,279 INFO  [Transformer$] Total time for transformation dataset broadPeak: 0:0:1
2017-11-30 17:42:58,279 INFO  [Transformer$] 0 region data files modified in source: HG19_ENCODE
2017-11-30 17:42:58,279 INFO  [Transformer$] 0 metadata files modified in source: HG19_ENCODE
2017-11-30 17:42:58,279 INFO  [Transformer$] 0 region data files do not respect the schema in source: HG19_ENCODE
2017-11-30 17:42:58,279 INFO  [Transformer$] Source HG19_ENCODE transformation finished
2017-11-30 17:42:58,279 INFO  [program$] Transformation for HG19_ENCODE Finished
2017-11-30 17:42:58,280 INFO  [program$] Total time transform source HG19_ENCODE: 0:0:1
2017-11-30 17:42:58,280 INFO  [program$] Total time for transformations: 0:0:1
2017-11-30 17:42:58,574 INFO  [program$] Statistics for source: HG19_ENCODE
2017-11-30 17:42:58,628 INFO  [dbContainer] 	Dataset broadPeak TRANSFORM statistics:
2017-11-30 17:42:58,628 INFO  [dbContainer] 		Total files to TRANSFORM: 7
2017-11-30 17:42:58,628 INFO  [dbContainer] 		TRANSFORM successful files: 0
2017-11-30 17:42:58,712 INFO  [program$] Total time for the run 0:0:7
