2017-11-30 17:32:02,976 INFO  [program$] Total time for downloads: 0:0:0
2017-11-30 17:32:02,979 INFO  [program$] Starting transformation for HG19_ENCODE
2017-11-30 17:32:02,981 INFO  [Transformer$] Starting integration for: /home/federico/_Encode_Realeased/HG19_ENCODE
2017-11-30 17:32:03,014 INFO  [Transformer$] Starting download for: broadPeak
2017-11-30 17:32:03,016 WARN  [Transformer$] Schema not found for: broadPeak
2017-11-30 17:32:03,019 INFO  [Transformer$] Transformation for dataset: broadPeak
2017-11-30 17:32:03,231 DEBUG [ENCODETransformer] Start unGzipping: ENCFF001STU.bed.gz
2017-11-30 17:32:03,276 INFO  [ENCODETransformer] UnGzipping: ENCFF001STU.bed.gz DONE
2017-11-30 17:32:03,465 DEBUG [ENCODETransformer] Start metadata transformation: ENCFF001STU.bed.gz.json
2017-11-30 17:32:03,690 INFO  [ENCODETransformer] Metadata transformation: ENCFF001STU.bed.gz.json DONE
2017-11-30 17:32:03,884 DEBUG [ENCODETransformer] Start unGzipping: ENCFF001TDG.bed.gz
2017-11-30 17:32:03,931 INFO  [ENCODETransformer] UnGzipping: ENCFF001TDG.bed.gz DONE
2017-11-30 17:32:04,077 DEBUG [ENCODETransformer] Start metadata transformation: ENCFF001TDG.bed.gz.json
2017-11-30 17:32:04,101 INFO  [ENCODETransformer] Metadata transformation: ENCFF001TDG.bed.gz.json DONE
2017-11-30 17:32:04,280 DEBUG [ENCODETransformer] Start unGzipping: ENCFF001XDH.bed.gz
2017-11-30 17:32:04,315 INFO  [ENCODETransformer] UnGzipping: ENCFF001XDH.bed.gz DONE
2017-11-30 17:32:04,447 DEBUG [ENCODETransformer] Start metadata transformation: ENCFF001XDH.bed.gz.json
2017-11-30 17:32:04,462 INFO  [ENCODETransformer] Metadata transformation: ENCFF001XDH.bed.gz.json DONE
2017-11-30 17:32:04,603 DEBUG [ENCODETransformer] Start unGzipping: ENCFF001XDI.bed.gz
2017-11-30 17:32:04,603 ERROR [ENCODETransformer] Couldnt UnGzip the file: /home/federico/_Encode_Realeased/HG19_ENCODE/broadPeak/Transformations/ENCFF001XDI.bed
2017-11-30 17:32:04,694 INFO  [Transformer$] 0 region data files modified in dataset: broadPeak
2017-11-30 17:32:04,695 INFO  [Transformer$] 0 metadata files modified in dataset: broadPeak
2017-11-30 17:32:04,695 INFO  [Transformer$] 0 region data files do not respect the schema in dataset: broadPeak
2017-11-30 17:32:04,695 INFO  [Transformer$] Total time for transformation dataset broadPeak: 0:0:1
2017-11-30 17:32:04,695 INFO  [Transformer$] 0 region data files modified in source: HG19_ENCODE
2017-11-30 17:32:04,695 INFO  [Transformer$] 0 metadata files modified in source: HG19_ENCODE
2017-11-30 17:32:04,695 INFO  [Transformer$] 0 region data files do not respect the schema in source: HG19_ENCODE
2017-11-30 17:32:04,696 INFO  [Transformer$] Source HG19_ENCODE transformation finished
2017-11-30 17:32:04,696 INFO  [program$] Transformation for HG19_ENCODE Finished
2017-11-30 17:32:04,696 INFO  [program$] Total time transform source HG19_ENCODE: 0:0:1
2017-11-30 17:32:04,696 INFO  [program$] Total time for transformations: 0:0:1
2017-11-30 17:32:04,971 INFO  [program$] Statistics for source: HG19_ENCODE
2017-11-30 17:32:05,019 INFO  [dbContainer] 	Dataset broadPeak TRANSFORM statistics:
2017-11-30 17:32:05,019 INFO  [dbContainer] 		Total files to TRANSFORM: 7
2017-11-30 17:32:05,019 INFO  [dbContainer] 		TRANSFORM successful files: 0
2017-11-30 17:32:05,105 INFO  [program$] Total time for the run 0:0:7
