2018-01-29 01:18:01,373 INFO  [main$] Start to read /home/federico/Scrivania/_Encode_Download_tsv/HG19_ENCODE/broadPeak/Transformations/ENCFF001SMJ.bed.meta.json
2018-01-29 01:18:01,440 INFO  [main$] File status released, start populate table
2018-01-29 01:18:01,550 WARN  [main$] SourceKey does't find for List(EXPERIMENTSTYPE, file__replicate__experiment__target__investigated_as, feature, DEFAULT)
2018-01-29 01:18:01,551 WARN  [main$] SourceKey does't find for List(EXPERIMENTSTYPE, target__name, target, DEFAULT)
2018-01-29 01:18:01,552 WARN  [main$] SourceKey does't find for List(EXPERIMENTSTYPE, replicates__1__antibody__title, antibody, CONCAT)
2018-01-29 01:18:01,553 WARN  [main$] SourceKey does't find for List(EXPERIMENTSTYPE, replicates__1__antibody__url, antibody, CONCAT)
2018-01-29 01:18:01,558 WARN  [main$] SourceKey does't find for List(CONTAINERS, ENCODE, name, CONCAT-MANUALLY)
2018-01-29 01:18:03,196 INFO  [main$] Start to read /home/federico/Scrivania/_Encode_Download_tsv/HG19_ENCODE/broadPeak/Transformations/ENCFF001SMK.bed.meta.json
2018-01-29 01:18:03,204 INFO  [main$] File status released, start populate table
2018-01-29 01:18:03,236 WARN  [main$] SourceKey does't find for List(EXPERIMENTSTYPE, file__replicate__experiment__target__investigated_as, feature, DEFAULT)
2018-01-29 01:18:03,237 WARN  [main$] SourceKey does't find for List(EXPERIMENTSTYPE, target__name, target, DEFAULT)
2018-01-29 01:18:03,238 WARN  [main$] SourceKey does't find for List(EXPERIMENTSTYPE, replicates__1__antibody__title, antibody, CONCAT)
2018-01-29 01:18:03,239 WARN  [main$] SourceKey does't find for List(EXPERIMENTSTYPE, replicates__1__antibody__url, antibody, CONCAT)
2018-01-29 01:18:03,246 WARN  [main$] SourceKey does't find for List(CONTAINERS, ENCODE, name, CONCAT-MANUALLY)
2018-01-29 01:18:03,895 INFO  [main$] Start to read /home/federico/Scrivania/_Encode_Download_tsv/HG19_ENCODE/broadPeak/Transformations/ENCFF001SMH_O.bed.meta.json
2018-01-29 01:18:03,898 INFO  [main$] File status released, start populate table
2018-01-29 01:18:03,916 WARN  [main$] SourceKey does't find for List(EXPERIMENTSTYPE, file__replicate__experiment__target__investigated_as, feature, DEFAULT)
2018-01-29 01:18:03,916 WARN  [main$] SourceKey does't find for List(EXPERIMENTSTYPE, target__name, target, DEFAULT)
2018-01-29 01:18:03,916 WARN  [main$] SourceKey does't find for List(EXPERIMENTSTYPE, replicates__1__antibody__title, antibody, CONCAT)
2018-01-29 01:18:03,917 WARN  [main$] SourceKey does't find for List(EXPERIMENTSTYPE, replicates__1__antibody__url, antibody, CONCAT)
2018-01-29 01:18:03,918 WARN  [main$] SourceKey does't find for List(CONTAINERS, ENCODE, name, CONCAT-MANUALLY)
2018-01-29 01:18:04,413 INFO  [main$] Start to read /home/federico/Scrivania/_Encode_Download_tsv/HG19_ENCODE/broadPeak/Transformations/ENCFF001SMG.bed.meta.json
2018-01-29 01:18:04,416 INFO  [main$] File status released, start populate table
2018-01-29 01:18:04,450 WARN  [main$] SourceKey does't find for List(EXPERIMENTSTYPE, file__replicate__experiment__target__investigated_as, feature, DEFAULT)
2018-01-29 01:18:04,451 WARN  [main$] SourceKey does't find for List(EXPERIMENTSTYPE, target__name, target, DEFAULT)
2018-01-29 01:18:04,451 WARN  [main$] SourceKey does't find for List(EXPERIMENTSTYPE, replicates__1__antibody__title, antibody, CONCAT)
2018-01-29 01:18:04,457 WARN  [main$] SourceKey does't find for List(EXPERIMENTSTYPE, replicates__1__antibody__url, antibody, CONCAT)
2018-01-29 01:18:04,460 WARN  [main$] SourceKey does't find for List(CONTAINERS, ENCODE, name, CONCAT-MANUALLY)
2018-01-29 01:18:04,853 INFO  [main$] Start to read /home/federico/Scrivania/_Encode_Download_tsv/HG19_ENCODE/broadPeak/Transformations/ENCFF001SMI.bed.meta.json
2018-01-29 01:18:04,855 INFO  [main$] File status released, start populate table
2018-01-29 01:18:04,881 WARN  [main$] SourceKey does't find for List(EXPERIMENTSTYPE, file__replicate__experiment__target__investigated_as, feature, DEFAULT)
2018-01-29 01:18:04,881 WARN  [main$] SourceKey does't find for List(EXPERIMENTSTYPE, target__name, target, DEFAULT)
2018-01-29 01:18:04,881 WARN  [main$] SourceKey does't find for List(EXPERIMENTSTYPE, replicates__1__antibody__title, antibody, CONCAT)
2018-01-29 01:18:04,882 WARN  [main$] SourceKey does't find for List(EXPERIMENTSTYPE, replicates__1__antibody__url, antibody, CONCAT)
2018-01-29 01:18:04,882 WARN  [main$] SourceKey does't find for List(CONTAINERS, ENCODE, name, CONCAT-MANUALLY)
2018-01-29 01:18:05,255 INFO  [main$] Start to read /home/federico/Scrivania/_Encode_Download_tsv/HG19_ENCODE/broadPeak/Transformations/ENCFF001SML.bed.meta.json
2018-01-29 01:18:05,257 INFO  [main$] File status released, start populate table
2018-01-29 01:18:05,267 WARN  [main$] SourceKey does't find for List(EXPERIMENTSTYPE, file__replicate__experiment__target__investigated_as, feature, DEFAULT)
2018-01-29 01:18:05,267 WARN  [main$] SourceKey does't find for List(EXPERIMENTSTYPE, target__name, target, DEFAULT)
2018-01-29 01:18:05,267 WARN  [main$] SourceKey does't find for List(EXPERIMENTSTYPE, replicates__1__antibody__title, antibody, CONCAT)
2018-01-29 01:18:05,268 WARN  [main$] SourceKey does't find for List(EXPERIMENTSTYPE, replicates__1__antibody__url, antibody, CONCAT)
2018-01-29 01:18:05,269 WARN  [main$] SourceKey does't find for List(CONTAINERS, ENCODE, name, CONCAT-MANUALLY)
2018-01-29 01:18:05,641 INFO  [main$] Total time for insert data in DB 0:0:4
2018-01-29 01:18:05,641 INFO  [main$] Total file analized 6
2018-01-29 01:18:05,641 INFO  [main$] Total file released 6
2018-01-29 01:18:05,641 INFO  [main$] Total file archived 0
2018-01-29 01:18:05,641 INFO  [main$] Total file released but not inserted 0
2018-01-29 01:18:05,641 INFO  [main$] Total Item inserted 0
2018-01-29 01:18:05,641 INFO  [main$] Total Item updated 6
2018-01-29 01:18:05,642 INFO  [main$] Constrains violated 0
